<?xml version="1.0" encoding="UTF-8"?>
<robot generator="Robot 6.1.1 (Python 3.12.0 on win32)" generated="20231101 08:30:22.688" rpa="false" schemaversion="4">
<suite id="s1" name="Test-Cases-Bdd" source="C:\Users\diogo\OneDrive\Documentos\GitHub\WEB-Project\Projetos\robot-framework\bdd\test-cases-bdd.robot">
<test id="s1-t1" name="Caso de Teste 1: Cadastro sem nome" line="7">
<kw name="Dado que estou na página de cadastro" library="bdd-resource" sourcename="Dado que ${keyword}">
<kw name="Run Keyword" library="BuiltIn">
<arg>${keyword}</arg>
<doc>Executes the given keyword with the given arguments.</doc>
<kw name="estou na página de cadastro" library="resources">
<kw name="Open Browser" library="SeleniumLibrary">
<arg>${URL-register}</arg>
<arg>${browser}</arg>
<doc>Opens a new browser instance to the optional ``url``.</doc>
<msg timestamp="20231101 08:30:23.074" level="INFO">Opening browser 'chrome' to base url 'http://localhost/Got-an-Idea/register/registro.php'.</msg>
<status status="PASS" starttime="20231101 08:30:23.074" endtime="20231101 08:30:25.708"/>
</kw>
<kw name="Maximize Browser Window" library="SeleniumLibrary">
<doc>Maximizes current browser window.</doc>
<status status="PASS" starttime="20231101 08:30:25.708" endtime="20231101 08:30:25.893"/>
</kw>
<status status="PASS" starttime="20231101 08:30:23.074" endtime="20231101 08:30:25.893"/>
</kw>
<status status="PASS" starttime="20231101 08:30:23.058" endtime="20231101 08:30:25.893"/>
</kw>
<status status="PASS" starttime="20231101 08:30:23.058" endtime="20231101 08:30:25.893"/>
</kw>
<kw name="Quando preencho todos os campos do formulário de cadastro" library="bdd-resource" sourcename="Quando ${keyword}">
<kw name="Run Keyword" library="BuiltIn">
<arg>${keyword}</arg>
<doc>Executes the given keyword with the given arguments.</doc>
<kw name="preencho todos os campos do formulário de cadastro" library="resources">
<kw name="Input Text" library="SeleniumLibrary">
<arg>${input_sobrenome}</arg>
<arg>Souza</arg>
<doc>Types the given ``text`` into the text field identified by ``locator``.</doc>
<msg timestamp="20231101 08:30:25.904" level="INFO">Typing text 'Souza' into text field 'name:sobrenome_input'.</msg>
<status status="PASS" starttime="20231101 08:30:25.904" endtime="20231101 08:30:26.183"/>
</kw>
<kw name="Sleep" library="BuiltIn">
<arg>1s</arg>
<doc>Pauses the test executed for the given time.</doc>
<msg timestamp="20231101 08:30:27.183" level="INFO">Slept 1 second</msg>
<status status="PASS" starttime="20231101 08:30:26.183" endtime="20231101 08:30:27.183"/>
</kw>
<kw name="Input Text" library="SeleniumLibrary">
<arg>${input_email}</arg>
<arg>fernando_luiz_dapaz@patriciagrillo.adv.br</arg>
<doc>Types the given ``text`` into the text field identified by ``locator``.</doc>
<msg timestamp="20231101 08:30:27.183" level="INFO">Typing text 'fernando_luiz_dapaz@patriciagrillo.adv.br' into text field 'name:email_input'.</msg>
<status status="PASS" starttime="20231101 08:30:27.183" endtime="20231101 08:30:27.402"/>
</kw>
<kw name="Sleep" library="BuiltIn">
<arg>1s</arg>
<doc>Pauses the test executed for the given time.</doc>
<msg timestamp="20231101 08:30:28.402" level="INFO">Slept 1 second</msg>
<status status="PASS" starttime="20231101 08:30:27.402" endtime="20231101 08:30:28.402"/>
</kw>
<kw name="Input Text" library="SeleniumLibrary">
<arg>${input_apelido}</arg>
<arg>fernandoluiz</arg>
<doc>Types the given ``text`` into the text field identified by ``locator``.</doc>
<msg timestamp="20231101 08:30:28.402" level="INFO">Typing text 'fernandoluiz' into text field 'name:apelido_input'.</msg>
<status status="PASS" starttime="20231101 08:30:28.402" endtime="20231101 08:30:28.530"/>
</kw>
<kw name="Sleep" library="BuiltIn">
<arg>1s</arg>
<doc>Pauses the test executed for the given time.</doc>
<msg timestamp="20231101 08:30:29.530" level="INFO">Slept 1 second</msg>
<status status="PASS" starttime="20231101 08:30:28.530" endtime="20231101 08:30:29.530"/>
</kw>
<kw name="Input Password" library="SeleniumLibrary">
<arg>${input_senha}</arg>
<arg>D@123456</arg>
<doc>Types the given password into the text field identified by ``locator``.</doc>
<msg timestamp="20231101 08:30:29.530" level="INFO">Typing password into text field 'name:senha_input'.</msg>
<msg timestamp="20231101 08:30:29.577" level="INFO">Temporally setting log level to: NONE</msg>
<msg timestamp="20231101 08:30:29.663" level="INFO">Log level changed from NONE to INFO.</msg>
<status status="PASS" starttime="20231101 08:30:29.530" endtime="20231101 08:30:29.663"/>
</kw>
<kw name="Sleep" library="BuiltIn">
<arg>1s</arg>
<doc>Pauses the test executed for the given time.</doc>
<msg timestamp="20231101 08:30:30.664" level="INFO">Slept 1 second</msg>
<status status="PASS" starttime="20231101 08:30:29.663" endtime="20231101 08:30:30.664"/>
</kw>
<kw name="Input Password" library="SeleniumLibrary">
<arg>${input_confirmar}</arg>
<arg>D@123456</arg>
<doc>Types the given password into the text field identified by ``locator``.</doc>
<msg timestamp="20231101 08:30:30.664" level="INFO">Typing password into text field 'name:confirmar_input'.</msg>
<msg timestamp="20231101 08:30:30.710" level="INFO">Temporally setting log level to: NONE</msg>
<msg timestamp="20231101 08:30:30.790" level="INFO">Log level changed from NONE to INFO.</msg>
<status status="PASS" starttime="20231101 08:30:30.664" endtime="20231101 08:30:30.790"/>
</kw>
<kw name="Sleep" library="BuiltIn">
<arg>1s</arg>
<doc>Pauses the test executed for the given time.</doc>
<msg timestamp="20231101 08:30:31.791" level="INFO">Slept 1 second</msg>
<status status="PASS" starttime="20231101 08:30:30.790" endtime="20231101 08:30:31.791"/>
</kw>
<status status="PASS" starttime="20231101 08:30:25.904" endtime="20231101 08:30:31.791"/>
</kw>
<status status="PASS" starttime="20231101 08:30:25.893" endtime="20231101 08:30:31.791"/>
</kw>
<status status="PASS" starttime="20231101 08:30:25.893" endtime="20231101 08:30:31.791"/>
</kw>
<kw name="E não preencho o campo nome e envio o formulário" library="bdd-resource" sourcename="E ${keyword}">
<kw name="Run Keyword" library="BuiltIn">
<arg>${keyword}</arg>
<doc>Executes the given keyword with the given arguments.</doc>
<kw name="não preencho o campo nome e envio o formulário" library="resources">
<kw name="Click Element" library="SeleniumLibrary">
<arg>${submit}</arg>
<doc>Click the element identified by ``locator``.</doc>
<msg timestamp="20231101 08:30:31.791" level="INFO">Clicking element 'id:botao_submit'.</msg>
<status status="PASS" starttime="20231101 08:30:31.791" endtime="20231101 08:30:31.891"/>
</kw>
<kw name="Sleep" library="BuiltIn">
<arg>8s</arg>
<doc>Pauses the test executed for the given time.</doc>
<msg timestamp="20231101 08:30:39.891" level="INFO">Slept 8 seconds</msg>
<status status="PASS" starttime="20231101 08:30:31.891" endtime="20231101 08:30:39.891"/>
</kw>
<status status="PASS" starttime="20231101 08:30:31.791" endtime="20231101 08:30:39.891"/>
</kw>
<status status="PASS" starttime="20231101 08:30:31.791" endtime="20231101 08:30:39.891"/>
</kw>
<status status="PASS" starttime="20231101 08:30:31.791" endtime="20231101 08:30:39.891"/>
</kw>
<kw name="Logo o sistema informa notificação de campos vazio" library="bdd-resource" sourcename="Logo ${keyword}">
<kw name="Run Keyword" library="BuiltIn">
<arg>${keyword}</arg>
<doc>Executes the given keyword with the given arguments.</doc>
<kw name="o sistema informa notificação de campos vazio" library="resources">
<kw name="Page Should Contain" library="SeleniumLibrary">
<arg>Um dos campos está vazio... Por favor preencha-o!</arg>
<doc>Verifies that current page contains ``text``.</doc>
<msg timestamp="20231101 08:30:39.924" level="INFO">Current page contains text 'Um dos campos está vazio... Por favor preencha-o!'.</msg>
<status status="PASS" starttime="20231101 08:30:39.891" endtime="20231101 08:30:39.924"/>
</kw>
<status status="PASS" starttime="20231101 08:30:39.891" endtime="20231101 08:30:39.924"/>
</kw>
<status status="PASS" starttime="20231101 08:30:39.891" endtime="20231101 08:30:39.924"/>
</kw>
<status status="PASS" starttime="20231101 08:30:39.891" endtime="20231101 08:30:39.924"/>
</kw>
<kw name="Fechar navegador" library="resources">
<kw name="Close Browser" library="SeleniumLibrary">
<doc>Closes the current browser.</doc>
<status status="PASS" starttime="20231101 08:30:39.926" endtime="20231101 08:30:42.361"/>
</kw>
<status status="PASS" starttime="20231101 08:30:39.925" endtime="20231101 08:30:42.361"/>
</kw>
<status status="PASS" starttime="20231101 08:30:23.058" endtime="20231101 08:30:42.361"/>
</test>
<test id="s1-t2" name="Caso de Teste 2: Cadastro de usuário com nome composto" line="14">
<kw name="Dado que estou na página de cadastro" library="bdd-resource" sourcename="Dado que ${keyword}">
<kw name="Run Keyword" library="BuiltIn">
<arg>${keyword}</arg>
<doc>Executes the given keyword with the given arguments.</doc>
<kw name="estou na página de cadastro" library="resources">
<kw name="Open Browser" library="SeleniumLibrary">
<arg>${URL-register}</arg>
<arg>${browser}</arg>
<doc>Opens a new browser instance to the optional ``url``.</doc>
<msg timestamp="20231101 08:30:42.361" level="INFO">Opening browser 'chrome' to base url 'http://localhost/Got-an-Idea/register/registro.php'.</msg>
<status status="PASS" starttime="20231101 08:30:42.361" endtime="20231101 08:30:45.008"/>
</kw>
<kw name="Maximize Browser Window" library="SeleniumLibrary">
<doc>Maximizes current browser window.</doc>
<status status="PASS" starttime="20231101 08:30:45.008" endtime="20231101 08:30:45.237"/>
</kw>
<status status="PASS" starttime="20231101 08:30:42.361" endtime="20231101 08:30:45.238"/>
</kw>
<status status="PASS" starttime="20231101 08:30:42.361" endtime="20231101 08:30:45.238"/>
</kw>
<status status="PASS" starttime="20231101 08:30:42.361" endtime="20231101 08:30:45.238"/>
</kw>
<kw name="Quando preencho todos os campos de formulário de cadastro do nome composto" library="bdd-resource" sourcename="Quando ${keyword}">
<kw name="Run Keyword" library="BuiltIn">
<arg>${keyword}</arg>
<doc>Executes the given keyword with the given arguments.</doc>
<kw name="preencho todos os campos de formulário de cadastro do nome composto" library="resources">
<kw name="Input Text" library="SeleniumLibrary">
<arg>${input_sobrenome}</arg>
<arg>Fernandes</arg>
<doc>Types the given ``text`` into the text field identified by ``locator``.</doc>
<msg timestamp="20231101 08:30:45.260" level="INFO">Typing text 'Fernandes' into text field 'name:sobrenome_input'.</msg>
<status status="PASS" starttime="20231101 08:30:45.260" endtime="20231101 08:30:45.503"/>
</kw>
<kw name="Sleep" library="BuiltIn">
<arg>1s</arg>
<doc>Pauses the test executed for the given time.</doc>
<msg timestamp="20231101 08:30:46.504" level="INFO">Slept 1 second</msg>
<status status="PASS" starttime="20231101 08:30:45.503" endtime="20231101 08:30:46.504"/>
</kw>
<kw name="Input Text" library="SeleniumLibrary">
<arg>${input_email}</arg>
<arg>anadepaula@email.com</arg>
<doc>Types the given ``text`` into the text field identified by ``locator``.</doc>
<msg timestamp="20231101 08:30:46.504" level="INFO">Typing text 'anadepaula@email.com' into text field 'name:email_input'.</msg>
<status status="PASS" starttime="20231101 08:30:46.504" endtime="20231101 08:30:46.660"/>
</kw>
<kw name="Sleep" library="BuiltIn">
<arg>1s</arg>
<doc>Pauses the test executed for the given time.</doc>
<msg timestamp="20231101 08:30:47.660" level="INFO">Slept 1 second</msg>
<status status="PASS" starttime="20231101 08:30:46.660" endtime="20231101 08:30:47.660"/>
</kw>
<kw name="Input Text" library="SeleniumLibrary">
<arg>${input_apelido}</arg>
<arg>anadepaula</arg>
<doc>Types the given ``text`` into the text field identified by ``locator``.</doc>
<msg timestamp="20231101 08:30:47.660" level="INFO">Typing text 'anadepaula' into text field 'name:apelido_input'.</msg>
<status status="PASS" starttime="20231101 08:30:47.660" endtime="20231101 08:30:47.796"/>
</kw>
<kw name="Sleep" library="BuiltIn">
<arg>1s</arg>
<doc>Pauses the test executed for the given time.</doc>
<msg timestamp="20231101 08:30:48.796" level="INFO">Slept 1 second</msg>
<status status="PASS" starttime="20231101 08:30:47.796" endtime="20231101 08:30:48.796"/>
</kw>
<kw name="Input Password" library="SeleniumLibrary">
<arg>${input_senha}</arg>
<arg>D@123456</arg>
<doc>Types the given password into the text field identified by ``locator``.</doc>
<msg timestamp="20231101 08:30:48.796" level="INFO">Typing password into text field 'name:senha_input'.</msg>
<msg timestamp="20231101 08:30:48.840" level="INFO">Temporally setting log level to: NONE</msg>
<msg timestamp="20231101 08:30:48.918" level="INFO">Log level changed from NONE to INFO.</msg>
<status status="PASS" starttime="20231101 08:30:48.796" endtime="20231101 08:30:48.918"/>
</kw>
<kw name="Sleep" library="BuiltIn">
<arg>1s</arg>
<doc>Pauses the test executed for the given time.</doc>
<msg timestamp="20231101 08:30:49.918" level="INFO">Slept 1 second</msg>
<status status="PASS" starttime="20231101 08:30:48.918" endtime="20231101 08:30:49.918"/>
</kw>
<kw name="Input Password" library="SeleniumLibrary">
<arg>${input_confirmar}</arg>
<arg>D@123456</arg>
<doc>Types the given password into the text field identified by ``locator``.</doc>
<msg timestamp="20231101 08:30:49.918" level="INFO">Typing password into text field 'name:confirmar_input'.</msg>
<msg timestamp="20231101 08:30:49.969" level="INFO">Temporally setting log level to: NONE</msg>
<msg timestamp="20231101 08:30:50.048" level="INFO">Log level changed from NONE to INFO.</msg>
<status status="PASS" starttime="20231101 08:30:49.918" endtime="20231101 08:30:50.048"/>
</kw>
<kw name="Sleep" library="BuiltIn">
<arg>1s</arg>
<doc>Pauses the test executed for the given time.</doc>
<msg timestamp="20231101 08:30:51.048" level="INFO">Slept 1 second</msg>
<status status="PASS" starttime="20231101 08:30:50.048" endtime="20231101 08:30:51.048"/>
</kw>
<status status="PASS" starttime="20231101 08:30:45.260" endtime="20231101 08:30:51.048"/>
</kw>
<status status="PASS" starttime="20231101 08:30:45.260" endtime="20231101 08:30:51.048"/>
</kw>
<status status="PASS" starttime="20231101 08:30:45.260" endtime="20231101 08:30:51.048"/>
</kw>
<kw name="E insiro o nome composto e clico em registrar" library="bdd-resource" sourcename="E ${keyword}">
<kw name="Run Keyword" library="BuiltIn">
<arg>${keyword}</arg>
<doc>Executes the given keyword with the given arguments.</doc>
<kw name="insiro o nome composto e clico em registrar" library="resources">
<kw name="Input Text" library="SeleniumLibrary">
<arg>${input_nome}</arg>
<arg>Ana de Paula</arg>
<doc>Types the given ``text`` into the text field identified by ``locator``.</doc>
<msg timestamp="20231101 08:30:51.048" level="INFO">Typing text 'Ana de Paula' into text field 'name:nome_input'.</msg>
<status status="PASS" starttime="20231101 08:30:51.048" endtime="20231101 08:30:51.191"/>
</kw>
<kw name="Sleep" library="BuiltIn">
<arg>1s</arg>
<doc>Pauses the test executed for the given time.</doc>
<msg timestamp="20231101 08:30:52.191" level="INFO">Slept 1 second</msg>
<status status="PASS" starttime="20231101 08:30:51.191" endtime="20231101 08:30:52.191"/>
</kw>
<kw name="Click Element" library="SeleniumLibrary">
<arg>${submit}</arg>
<doc>Click the element identified by ``locator``.</doc>
<msg timestamp="20231101 08:30:52.191" level="INFO">Clicking element 'id:botao_submit'.</msg>
<status status="PASS" starttime="20231101 08:30:52.191" endtime="20231101 08:30:52.340"/>
</kw>
<kw name="Sleep" library="BuiltIn">
<arg>8s</arg>
<doc>Pauses the test executed for the given time.</doc>
<msg timestamp="20231101 08:31:00.340" level="INFO">Slept 8 seconds</msg>
<status status="PASS" starttime="20231101 08:30:52.340" endtime="20231101 08:31:00.340"/>
</kw>
<status status="PASS" starttime="20231101 08:30:51.048" endtime="20231101 08:31:00.340"/>
</kw>
<status status="PASS" starttime="20231101 08:30:51.048" endtime="20231101 08:31:00.340"/>
</kw>
<status status="PASS" starttime="20231101 08:30:51.048" endtime="20231101 08:31:00.340"/>
</kw>
<kw name="Logo o sistema vai para outra página" library="bdd-resource" sourcename="Logo ${keyword}">
<kw name="Run Keyword" library="BuiltIn">
<arg>${keyword}</arg>
<doc>Executes the given keyword with the given arguments.</doc>
<kw name="o sistema vai para outra página" library="resources">
<kw name="Page Should Contain" library="SeleniumLibrary">
<arg>Qual o seu propósito?</arg>
<doc>Verifies that current page contains ``text``.</doc>
<msg timestamp="20231101 08:31:00.729" level="INFO" html="true">&lt;/td&gt;&lt;/tr&gt;&lt;tr&gt;&lt;td colspan="3"&gt;&lt;a href="selenium-screenshot-8.png"&gt;&lt;img src="selenium-screenshot-8.png" width="800px"&gt;&lt;/a&gt;</msg>
<msg timestamp="20231101 08:31:00.729" level="FAIL">Page should have contained text 'Qual o seu propósito?' but did not.</msg>
<status status="FAIL" starttime="20231101 08:31:00.345" endtime="20231101 08:31:00.745"/>
</kw>
<status status="FAIL" starttime="20231101 08:31:00.345" endtime="20231101 08:31:00.745"/>
</kw>
<status status="FAIL" starttime="20231101 08:31:00.344" endtime="20231101 08:31:00.745"/>
</kw>
<status status="FAIL" starttime="20231101 08:31:00.340" endtime="20231101 08:31:00.745"/>
</kw>
<kw name="Fechar navegador" library="resources">
<status status="NOT RUN" starttime="20231101 08:31:00.745" endtime="20231101 08:31:00.745"/>
</kw>
<status status="FAIL" starttime="20231101 08:30:42.361" endtime="20231101 08:31:00.745">Page should have contained text 'Qual o seu propósito?' but did not.</status>
</test>
<test id="s1-t3" name="Caso de Teste 3: Cadastrar um usuário com um email que já foi cadastrado" line="21">
<kw name="Dado que estou na página de cadastro" library="bdd-resource" sourcename="Dado que ${keyword}">
<kw name="Run Keyword" library="BuiltIn">
<arg>${keyword}</arg>
<doc>Executes the given keyword with the given arguments.</doc>
<kw name="estou na página de cadastro" library="resources">
<kw name="Open Browser" library="SeleniumLibrary">
<arg>${URL-register}</arg>
<arg>${browser}</arg>
<doc>Opens a new browser instance to the optional ``url``.</doc>
<msg timestamp="20231101 08:31:00.765" level="INFO">Opening browser 'chrome' to base url 'http://localhost/Got-an-Idea/register/registro.php'.</msg>
<status status="PASS" starttime="20231101 08:31:00.764" endtime="20231101 08:31:04.230"/>
</kw>
<kw name="Maximize Browser Window" library="SeleniumLibrary">
<doc>Maximizes current browser window.</doc>
<status status="PASS" starttime="20231101 08:31:04.230" endtime="20231101 08:31:04.626"/>
</kw>
<status status="PASS" starttime="20231101 08:31:00.764" endtime="20231101 08:31:04.626"/>
</kw>
<status status="PASS" starttime="20231101 08:31:00.755" endtime="20231101 08:31:04.626"/>
</kw>
<status status="PASS" starttime="20231101 08:31:00.752" endtime="20231101 08:31:04.626"/>
</kw>
<kw name="Quando preencho todos os campos de formulário de cadastro (email)" library="bdd-resource" sourcename="Quando ${keyword}">
<kw name="Run Keyword" library="BuiltIn">
<arg>${keyword}</arg>
<doc>Executes the given keyword with the given arguments.</doc>
<kw name="preencho todos os campos de formulário de cadastro (email)" library="resources">
<kw name="Input Text" library="SeleniumLibrary">
<arg>${input_nome}</arg>
<arg>Teste</arg>
<doc>Types the given ``text`` into the text field identified by ``locator``.</doc>
<msg timestamp="20231101 08:31:04.661" level="INFO">Typing text 'Teste' into text field 'name:nome_input'.</msg>
<status status="PASS" starttime="20231101 08:31:04.661" endtime="20231101 08:31:05.013"/>
</kw>
<kw name="Sleep" library="BuiltIn">
<arg>1s</arg>
<doc>Pauses the test executed for the given time.</doc>
<msg timestamp="20231101 08:31:06.015" level="INFO">Slept 1 second</msg>
<status status="PASS" starttime="20231101 08:31:05.013" endtime="20231101 08:31:06.015"/>
</kw>
<kw name="Input Text" library="SeleniumLibrary">
<arg>${input_sobrenome}</arg>
<arg>Email</arg>
<doc>Types the given ``text`` into the text field identified by ``locator``.</doc>
<msg timestamp="20231101 08:31:06.015" level="INFO">Typing text 'Email' into text field 'name:sobrenome_input'.</msg>
<status status="PASS" starttime="20231101 08:31:06.015" endtime="20231101 08:31:06.397"/>
</kw>
<kw name="Sleep" library="BuiltIn">
<arg>1s</arg>
<doc>Pauses the test executed for the given time.</doc>
<msg timestamp="20231101 08:31:07.397" level="INFO">Slept 1 second</msg>
<status status="PASS" starttime="20231101 08:31:06.397" endtime="20231101 08:31:07.397"/>
</kw>
<kw name="Input Text" library="SeleniumLibrary">
<arg>${input_apelido}</arg>
<arg>testeemail</arg>
<doc>Types the given ``text`` into the text field identified by ``locator``.</doc>
<msg timestamp="20231101 08:31:07.397" level="INFO">Typing text 'testeemail' into text field 'name:apelido_input'.</msg>
<status status="PASS" starttime="20231101 08:31:07.397" endtime="20231101 08:31:07.610"/>
</kw>
<kw name="Sleep" library="BuiltIn">
<arg>1s</arg>
<doc>Pauses the test executed for the given time.</doc>
<msg timestamp="20231101 08:31:08.610" level="INFO">Slept 1 second</msg>
<status status="PASS" starttime="20231101 08:31:07.610" endtime="20231101 08:31:08.610"/>
</kw>
<kw name="Input Password" library="SeleniumLibrary">
<arg>${input_senha}</arg>
<arg>D@123456</arg>
<doc>Types the given password into the text field identified by ``locator``.</doc>
<msg timestamp="20231101 08:31:08.610" level="INFO">Typing password into text field 'name:senha_input'.</msg>
<msg timestamp="20231101 08:31:08.676" level="INFO">Temporally setting log level to: NONE</msg>
<msg timestamp="20231101 08:31:08.778" level="INFO">Log level changed from NONE to INFO.</msg>
<status status="PASS" starttime="20231101 08:31:08.610" endtime="20231101 08:31:08.778"/>
</kw>
<kw name="Sleep" library="BuiltIn">
<arg>1s</arg>
<doc>Pauses the test executed for the given time.</doc>
<msg timestamp="20231101 08:31:09.780" level="INFO">Slept 1 second</msg>
<status status="PASS" starttime="20231101 08:31:08.778" endtime="20231101 08:31:09.780"/>
</kw>
<kw name="Input Password" library="SeleniumLibrary">
<arg>${input_confirmar}</arg>
<arg>D@123456</arg>
<doc>Types the given password into the text field identified by ``locator``.</doc>
<msg timestamp="20231101 08:31:09.780" level="INFO">Typing password into text field 'name:confirmar_input'.</msg>
<msg timestamp="20231101 08:31:09.860" level="INFO">Temporally setting log level to: NONE</msg>
<msg timestamp="20231101 08:31:09.963" level="INFO">Log level changed from NONE to INFO.</msg>
<status status="PASS" starttime="20231101 08:31:09.780" endtime="20231101 08:31:09.963"/>
</kw>
<kw name="Sleep" library="BuiltIn">
<arg>1s</arg>
<doc>Pauses the test executed for the given time.</doc>
<msg timestamp="20231101 08:31:10.963" level="INFO">Slept 1 second</msg>
<status status="PASS" starttime="20231101 08:31:09.963" endtime="20231101 08:31:10.963"/>
</kw>
<status status="PASS" starttime="20231101 08:31:04.661" endtime="20231101 08:31:10.963"/>
</kw>
<status status="PASS" starttime="20231101 08:31:04.647" endtime="20231101 08:31:10.963"/>
</kw>
<status status="PASS" starttime="20231101 08:31:04.647" endtime="20231101 08:31:10.963"/>
</kw>
<kw name="E preencho o campo email com um email já cadastrado e envio o formulário" library="bdd-resource" sourcename="E ${keyword}">
<kw name="Run Keyword" library="BuiltIn">
<arg>${keyword}</arg>
<doc>Executes the given keyword with the given arguments.</doc>
<kw name="preencho o campo email com um email já cadastrado e envio o formulário" library="resources">
<kw name="Input Text" library="SeleniumLibrary">
<arg>${input_email}</arg>
<arg>anadepaula@email.com</arg>
<doc>Types the given ``text`` into the text field identified by ``locator``.</doc>
<msg timestamp="20231101 08:31:10.976" level="INFO">Typing text 'anadepaula@email.com' into text field 'name:email_input'.</msg>
<status status="PASS" starttime="20231101 08:31:10.976" endtime="20231101 08:31:11.178"/>
</kw>
<kw name="Sleep" library="BuiltIn">
<arg>1s</arg>
<doc>Pauses the test executed for the given time.</doc>
<msg timestamp="20231101 08:31:12.181" level="INFO">Slept 1 second</msg>
<status status="PASS" starttime="20231101 08:31:11.178" endtime="20231101 08:31:12.181"/>
</kw>
<kw name="Click Element" library="SeleniumLibrary">
<arg>${submit}</arg>
<doc>Click the element identified by ``locator``.</doc>
<msg timestamp="20231101 08:31:12.181" level="INFO">Clicking element 'id:botao_submit'.</msg>
<status status="PASS" starttime="20231101 08:31:12.181" endtime="20231101 08:31:12.363"/>
</kw>
<kw name="Sleep" library="BuiltIn">
<arg>8s</arg>
<doc>Pauses the test executed for the given time.</doc>
<msg timestamp="20231101 08:31:20.366" level="INFO">Slept 8 seconds</msg>
<status status="PASS" starttime="20231101 08:31:12.363" endtime="20231101 08:31:20.366"/>
</kw>
<status status="PASS" starttime="20231101 08:31:10.963" endtime="20231101 08:31:20.366"/>
</kw>
<status status="PASS" starttime="20231101 08:31:10.963" endtime="20231101 08:31:20.366"/>
</kw>
<status status="PASS" starttime="20231101 08:31:10.963" endtime="20231101 08:31:20.366"/>
</kw>
<kw name="Logo o sistema informa que o email já está cadastrado" library="bdd-resource" sourcename="Logo ${keyword}">
<kw name="Run Keyword" library="BuiltIn">
<arg>${keyword}</arg>
<doc>Executes the given keyword with the given arguments.</doc>
<kw name="o sistema informa que o email já está cadastrado" library="resources">
<kw name="Page Should Contain" library="SeleniumLibrary">
<arg>Email já cadastrado... Por favor tente novamente!</arg>
<doc>Verifies that current page contains ``text``.</doc>
<msg timestamp="20231101 08:31:20.417" level="INFO">Current page contains text 'Email já cadastrado... Por favor tente novamente!'.</msg>
<status status="PASS" starttime="20231101 08:31:20.366" endtime="20231101 08:31:20.417"/>
</kw>
<status status="PASS" starttime="20231101 08:31:20.366" endtime="20231101 08:31:20.417"/>
</kw>
<status status="PASS" starttime="20231101 08:31:20.366" endtime="20231101 08:31:20.417"/>
</kw>
<status status="PASS" starttime="20231101 08:31:20.366" endtime="20231101 08:31:20.417"/>
</kw>
<kw name="Fechar navegador" library="resources">
<kw name="Close Browser" library="SeleniumLibrary">
<doc>Closes the current browser.</doc>
<status status="PASS" starttime="20231101 08:31:20.417" endtime="20231101 08:31:22.825"/>
</kw>
<status status="PASS" starttime="20231101 08:31:20.417" endtime="20231101 08:31:22.825"/>
</kw>
<status status="PASS" starttime="20231101 08:31:00.752" endtime="20231101 08:31:22.825"/>
</test>
<test id="s1-t4" name="Caso de Teste 4: Efetuar login do usuário com o campo email vazio" line="28">
<kw name="Dado que estou na página de login" library="bdd-resource" sourcename="Dado que ${keyword}">
<kw name="Run Keyword" library="BuiltIn">
<arg>${keyword}</arg>
<doc>Executes the given keyword with the given arguments.</doc>
<kw name="estou na página de login" library="resources">
<kw name="Open Browser" library="SeleniumLibrary">
<arg>${URL-login}</arg>
<arg>${browser}</arg>
<doc>Opens a new browser instance to the optional ``url``.</doc>
<msg timestamp="20231101 08:31:22.825" level="INFO">Opening browser 'chrome' to base url 'http://localhost/Got-an-Idea/login/login.php'.</msg>
<status status="PASS" starttime="20231101 08:31:22.825" endtime="20231101 08:31:26.275"/>
</kw>
<kw name="Maximize Browser Window" library="SeleniumLibrary">
<doc>Maximizes current browser window.</doc>
<status status="PASS" starttime="20231101 08:31:26.275" endtime="20231101 08:31:26.431"/>
</kw>
<status status="PASS" starttime="20231101 08:31:22.825" endtime="20231101 08:31:26.431"/>
</kw>
<status status="PASS" starttime="20231101 08:31:22.825" endtime="20231101 08:31:26.431"/>
</kw>
<status status="PASS" starttime="20231101 08:31:22.825" endtime="20231101 08:31:26.431"/>
</kw>
<kw name="Quando preencho somente o campo senha" library="bdd-resource" sourcename="Quando ${keyword}">
<kw name="Run Keyword" library="BuiltIn">
<arg>${keyword}</arg>
<doc>Executes the given keyword with the given arguments.</doc>
<kw name="preencho somente o campo senha" library="resources">
<kw name="Input Text" library="SeleniumLibrary">
<arg>${input_senha_login}</arg>
<arg>D@123456</arg>
<doc>Types the given ``text`` into the text field identified by ``locator``.</doc>
<msg timestamp="20231101 08:31:26.456" level="INFO">Typing text 'D@123456' into text field 'id:password'.</msg>
<status status="PASS" starttime="20231101 08:31:26.456" endtime="20231101 08:31:26.781"/>
</kw>
<kw name="Sleep" library="BuiltIn">
<arg>3s</arg>
<doc>Pauses the test executed for the given time.</doc>
<msg timestamp="20231101 08:31:29.784" level="INFO">Slept 3 seconds</msg>
<status status="PASS" starttime="20231101 08:31:26.781" endtime="20231101 08:31:29.784"/>
</kw>
<status status="PASS" starttime="20231101 08:31:26.456" endtime="20231101 08:31:29.784"/>
</kw>
<status status="PASS" starttime="20231101 08:31:26.431" endtime="20231101 08:31:29.784"/>
</kw>
<status status="PASS" starttime="20231101 08:31:26.431" endtime="20231101 08:31:29.784"/>
</kw>
<kw name="E não preencho o campo de email" library="bdd-resource" sourcename="E ${keyword}">
<kw name="Run Keyword" library="BuiltIn">
<arg>${keyword}</arg>
<doc>Executes the given keyword with the given arguments.</doc>
<kw name="não preencho o campo de email" library="resources">
<kw name="Click Element" library="SeleniumLibrary">
<arg>${button_join}</arg>
<doc>Click the element identified by ``locator``.</doc>
<msg timestamp="20231101 08:31:29.792" level="INFO">Clicking element 'xpath:/html/body/main/div/div/div[2]/div/form/button'.</msg>
<status status="PASS" starttime="20231101 08:31:29.784" endtime="20231101 08:31:29.939"/>
</kw>
<kw name="Sleep" library="BuiltIn">
<arg>8s</arg>
<doc>Pauses the test executed for the given time.</doc>
<msg timestamp="20231101 08:31:37.941" level="INFO">Slept 8 seconds</msg>
<status status="PASS" starttime="20231101 08:31:29.939" endtime="20231101 08:31:37.941"/>
</kw>
<status status="PASS" starttime="20231101 08:31:29.784" endtime="20231101 08:31:37.941"/>
</kw>
<status status="PASS" starttime="20231101 08:31:29.784" endtime="20231101 08:31:37.941"/>
</kw>
<status status="PASS" starttime="20231101 08:31:29.784" endtime="20231101 08:31:37.941"/>
</kw>
<kw name="Logo o sistema informa que o campo email não foi preenchido" library="bdd-resource" sourcename="Logo ${keyword}">
<kw name="Run Keyword" library="BuiltIn">
<arg>${keyword}</arg>
<doc>Executes the given keyword with the given arguments.</doc>
<kw name="o sistema informa que o campo email não foi preenchido" library="resources">
<kw name="Wait Until Page Does Not Contain" library="SeleniumLibrary">
<arg>Você tem uma ideia?</arg>
<doc>Waits until ``text`` disappears from the current page.</doc>
<status status="PASS" starttime="20231101 08:31:37.941" endtime="20231101 08:31:37.976"/>
</kw>
<status status="PASS" starttime="20231101 08:31:37.941" endtime="20231101 08:31:37.977"/>
</kw>
<status status="PASS" starttime="20231101 08:31:37.941" endtime="20231101 08:31:37.978"/>
</kw>
<status status="PASS" starttime="20231101 08:31:37.941" endtime="20231101 08:31:37.978"/>
</kw>
<kw name="Fechar navegador" library="resources">
<kw name="Close Browser" library="SeleniumLibrary">
<doc>Closes the current browser.</doc>
<status status="PASS" starttime="20231101 08:31:37.984" endtime="20231101 08:31:40.391"/>
</kw>
<status status="PASS" starttime="20231101 08:31:37.984" endtime="20231101 08:31:40.391"/>
</kw>
<status status="PASS" starttime="20231101 08:31:22.825" endtime="20231101 08:31:40.391"/>
</test>
<test id="s1-t5" name="Caso de Teste 5: Efetuar do usuário com o campo senha inválido" line="35">
<kw name="Dado que estou na página de login" library="bdd-resource" sourcename="Dado que ${keyword}">
<kw name="Run Keyword" library="BuiltIn">
<arg>${keyword}</arg>
<doc>Executes the given keyword with the given arguments.</doc>
<kw name="estou na página de login" library="resources">
<kw name="Open Browser" library="SeleniumLibrary">
<arg>${URL-login}</arg>
<arg>${browser}</arg>
<doc>Opens a new browser instance to the optional ``url``.</doc>
<msg timestamp="20231101 08:31:40.391" level="INFO">Opening browser 'chrome' to base url 'http://localhost/Got-an-Idea/login/login.php'.</msg>
<status status="PASS" starttime="20231101 08:31:40.391" endtime="20231101 08:31:43.177"/>
</kw>
<kw name="Maximize Browser Window" library="SeleniumLibrary">
<doc>Maximizes current browser window.</doc>
<status status="PASS" starttime="20231101 08:31:43.177" endtime="20231101 08:31:43.369"/>
</kw>
<status status="PASS" starttime="20231101 08:31:40.391" endtime="20231101 08:31:43.369"/>
</kw>
<status status="PASS" starttime="20231101 08:31:40.391" endtime="20231101 08:31:43.369"/>
</kw>
<status status="PASS" starttime="20231101 08:31:40.391" endtime="20231101 08:31:43.369"/>
</kw>
<kw name="Quando preencho o campo email" library="bdd-resource" sourcename="Quando ${keyword}">
<kw name="Run Keyword" library="BuiltIn">
<arg>${keyword}</arg>
<doc>Executes the given keyword with the given arguments.</doc>
<kw name="preencho o campo email" library="resources">
<kw name="Input Text" library="SeleniumLibrary">
<arg>${input_email_login}</arg>
<arg>ana@email.com</arg>
<doc>Types the given ``text`` into the text field identified by ``locator``.</doc>
<msg timestamp="20231101 08:31:43.379" level="INFO">Typing text 'ana@email.com' into text field 'id:email'.</msg>
<status status="PASS" starttime="20231101 08:31:43.379" endtime="20231101 08:31:43.730"/>
</kw>
<kw name="Sleep" library="BuiltIn">
<arg>2s</arg>
<doc>Pauses the test executed for the given time.</doc>
<msg timestamp="20231101 08:31:45.733" level="INFO">Slept 2 seconds</msg>
<status status="PASS" starttime="20231101 08:31:43.730" endtime="20231101 08:31:45.733"/>
</kw>
<status status="PASS" starttime="20231101 08:31:43.379" endtime="20231101 08:31:45.733"/>
</kw>
<status status="PASS" starttime="20231101 08:31:43.370" endtime="20231101 08:31:45.733"/>
</kw>
<status status="PASS" starttime="20231101 08:31:43.370" endtime="20231101 08:31:45.733"/>
</kw>
<kw name="E errei a senha" library="bdd-resource" sourcename="E ${keyword}">
<kw name="Run Keyword" library="BuiltIn">
<arg>${keyword}</arg>
<doc>Executes the given keyword with the given arguments.</doc>
<kw name="errei a senha" library="resources">
<kw name="Input Text" library="SeleniumLibrary">
<arg>${input_senha_login}</arg>
<arg>eeeee</arg>
<doc>Types the given ``text`` into the text field identified by ``locator``.</doc>
<msg timestamp="20231101 08:31:45.733" level="INFO">Typing text 'eeeee' into text field 'id:password'.</msg>
<status status="PASS" starttime="20231101 08:31:45.733" endtime="20231101 08:31:45.913"/>
</kw>
<kw name="Sleep" library="BuiltIn">
<arg>2s</arg>
<doc>Pauses the test executed for the given time.</doc>
<msg timestamp="20231101 08:31:47.913" level="INFO">Slept 2 seconds</msg>
<status status="PASS" starttime="20231101 08:31:45.913" endtime="20231101 08:31:47.913"/>
</kw>
<kw name="Click Element" library="SeleniumLibrary">
<arg>${button_join}</arg>
<doc>Click the element identified by ``locator``.</doc>
<msg timestamp="20231101 08:31:47.913" level="INFO">Clicking element 'xpath:/html/body/main/div/div/div[2]/div/form/button'.</msg>
<status status="PASS" starttime="20231101 08:31:47.913" endtime="20231101 08:31:48.117"/>
</kw>
<kw name="Sleep" library="BuiltIn">
<arg>8s</arg>
<doc>Pauses the test executed for the given time.</doc>
<msg timestamp="20231101 08:31:56.118" level="INFO">Slept 8 seconds</msg>
<status status="PASS" starttime="20231101 08:31:48.117" endtime="20231101 08:31:56.118"/>
</kw>
<status status="PASS" starttime="20231101 08:31:45.733" endtime="20231101 08:31:56.118"/>
</kw>
<status status="PASS" starttime="20231101 08:31:45.733" endtime="20231101 08:31:56.118"/>
</kw>
<status status="PASS" starttime="20231101 08:31:45.733" endtime="20231101 08:31:56.118"/>
</kw>
<kw name="Logo o sistema não efetua o login" library="bdd-resource" sourcename="Logo ${keyword}">
<kw name="Run Keyword" library="BuiltIn">
<arg>${keyword}</arg>
<doc>Executes the given keyword with the given arguments.</doc>
<kw name="o sistema não efetua o login" library="resources">
<kw name="Page Should Contain" library="SeleniumLibrary">
<arg>Email ou senha incorretos... Por favor tente novamente</arg>
<doc>Verifies that current page contains ``text``.</doc>
<msg timestamp="20231101 08:31:56.157" level="INFO">Current page contains text 'Email ou senha incorretos... Por favor tente novamente'.</msg>
<status status="PASS" starttime="20231101 08:31:56.128" endtime="20231101 08:31:56.157"/>
</kw>
<status status="PASS" starttime="20231101 08:31:56.118" endtime="20231101 08:31:56.157"/>
</kw>
<status status="PASS" starttime="20231101 08:31:56.118" endtime="20231101 08:31:56.157"/>
</kw>
<status status="PASS" starttime="20231101 08:31:56.118" endtime="20231101 08:31:56.158"/>
</kw>
<kw name="Fechar navegador" library="resources">
<kw name="Close Browser" library="SeleniumLibrary">
<doc>Closes the current browser.</doc>
<status status="PASS" starttime="20231101 08:31:56.165" endtime="20231101 08:31:58.540"/>
</kw>
<status status="PASS" starttime="20231101 08:31:56.164" endtime="20231101 08:31:58.540"/>
</kw>
<status status="PASS" starttime="20231101 08:31:40.391" endtime="20231101 08:31:58.541"/>
</test>
<test id="s1-t6" name="Caso de Teste 6: Cadastro de usuário com um apelido já cadastrado" line="42">
<kw name="Dado que estou na página de cadastro" library="bdd-resource" sourcename="Dado que ${keyword}">
<kw name="Run Keyword" library="BuiltIn">
<arg>${keyword}</arg>
<doc>Executes the given keyword with the given arguments.</doc>
<kw name="estou na página de cadastro" library="resources">
<kw name="Open Browser" library="SeleniumLibrary">
<arg>${URL-register}</arg>
<arg>${browser}</arg>
<doc>Opens a new browser instance to the optional ``url``.</doc>
<msg timestamp="20231101 08:31:58.541" level="INFO">Opening browser 'chrome' to base url 'http://localhost/Got-an-Idea/register/registro.php'.</msg>
<status status="PASS" starttime="20231101 08:31:58.541" endtime="20231101 08:32:01.359"/>
</kw>
<kw name="Maximize Browser Window" library="SeleniumLibrary">
<doc>Maximizes current browser window.</doc>
<status status="PASS" starttime="20231101 08:32:01.359" endtime="20231101 08:32:01.509"/>
</kw>
<status status="PASS" starttime="20231101 08:31:58.541" endtime="20231101 08:32:01.509"/>
</kw>
<status status="PASS" starttime="20231101 08:31:58.541" endtime="20231101 08:32:01.509"/>
</kw>
<status status="PASS" starttime="20231101 08:31:58.541" endtime="20231101 08:32:01.509"/>
</kw>
<kw name="Quando preencho todos os campos de formulário de cadastro (apelido)" library="bdd-resource" sourcename="Quando ${keyword}">
<kw name="Run Keyword" library="BuiltIn">
<arg>${keyword}</arg>
<doc>Executes the given keyword with the given arguments.</doc>
<kw name="preencho todos os campos de formulário de cadastro (apelido)" library="resources">
<kw name="Input Text" library="SeleniumLibrary">
<arg>${input_nome}</arg>
<arg>Teste</arg>
<doc>Types the given ``text`` into the text field identified by ``locator``.</doc>
<msg timestamp="20231101 08:32:01.533" level="INFO">Typing text 'Teste' into text field 'name:nome_input'.</msg>
<status status="PASS" starttime="20231101 08:32:01.533" endtime="20231101 08:32:01.925"/>
</kw>
<kw name="Sleep" library="BuiltIn">
<arg>1s</arg>
<doc>Pauses the test executed for the given time.</doc>
<msg timestamp="20231101 08:32:02.925" level="INFO">Slept 1 second</msg>
<status status="PASS" starttime="20231101 08:32:01.925" endtime="20231101 08:32:02.929"/>
</kw>
<kw name="Input Text" library="SeleniumLibrary">
<arg>${input_sobrenome}</arg>
<arg>Apelido</arg>
<doc>Types the given ``text`` into the text field identified by ``locator``.</doc>
<msg timestamp="20231101 08:32:02.929" level="INFO">Typing text 'Apelido' into text field 'name:sobrenome_input'.</msg>
<status status="PASS" starttime="20231101 08:32:02.929" endtime="20231101 08:32:03.143"/>
</kw>
<kw name="Sleep" library="BuiltIn">
<arg>1s</arg>
<doc>Pauses the test executed for the given time.</doc>
<msg timestamp="20231101 08:32:04.145" level="INFO">Slept 1 second</msg>
<status status="PASS" starttime="20231101 08:32:03.143" endtime="20231101 08:32:04.145"/>
</kw>
<kw name="Input Text" library="SeleniumLibrary">
<arg>${input_email}</arg>
<arg>testeemail@email.com</arg>
<doc>Types the given ``text`` into the text field identified by ``locator``.</doc>
<msg timestamp="20231101 08:32:04.145" level="INFO">Typing text 'testeemail@email.com' into text field 'name:email_input'.</msg>
<status status="PASS" starttime="20231101 08:32:04.145" endtime="20231101 08:32:04.346"/>
</kw>
<kw name="Sleep" library="BuiltIn">
<arg>1s</arg>
<doc>Pauses the test executed for the given time.</doc>
<msg timestamp="20231101 08:32:05.348" level="INFO">Slept 1 second</msg>
<status status="PASS" starttime="20231101 08:32:04.346" endtime="20231101 08:32:05.348"/>
</kw>
<kw name="Input Password" library="SeleniumLibrary">
<arg>${input_senha}</arg>
<arg>D@123456</arg>
<doc>Types the given password into the text field identified by ``locator``.</doc>
<msg timestamp="20231101 08:32:05.348" level="INFO">Typing password into text field 'name:senha_input'.</msg>
<msg timestamp="20231101 08:32:05.426" level="INFO">Temporally setting log level to: NONE</msg>
<msg timestamp="20231101 08:32:05.511" level="INFO">Log level changed from NONE to INFO.</msg>
<status status="PASS" starttime="20231101 08:32:05.348" endtime="20231101 08:32:05.511"/>
</kw>
<kw name="Sleep" library="BuiltIn">
<arg>1s</arg>
<doc>Pauses the test executed for the given time.</doc>
<msg timestamp="20231101 08:32:06.511" level="INFO">Slept 1 second</msg>
<status status="PASS" starttime="20231101 08:32:05.511" endtime="20231101 08:32:06.511"/>
</kw>
<kw name="Input Password" library="SeleniumLibrary">
<arg>${input_confirmar}</arg>
<arg>D@123456</arg>
<doc>Types the given password into the text field identified by ``locator``.</doc>
<msg timestamp="20231101 08:32:06.511" level="INFO">Typing password into text field 'name:confirmar_input'.</msg>
<msg timestamp="20231101 08:32:06.560" level="INFO">Temporally setting log level to: NONE</msg>
<msg timestamp="20231101 08:32:06.677" level="INFO">Log level changed from NONE to INFO.</msg>
<status status="PASS" starttime="20231101 08:32:06.511" endtime="20231101 08:32:06.677"/>
</kw>
<kw name="Sleep" library="BuiltIn">
<arg>1s</arg>
<doc>Pauses the test executed for the given time.</doc>
<msg timestamp="20231101 08:32:07.678" level="INFO">Slept 1 second</msg>
<status status="PASS" starttime="20231101 08:32:06.677" endtime="20231101 08:32:07.678"/>
</kw>
<status status="PASS" starttime="20231101 08:32:01.532" endtime="20231101 08:32:07.678"/>
</kw>
<status status="PASS" starttime="20231101 08:32:01.509" endtime="20231101 08:32:07.678"/>
</kw>
<status status="PASS" starttime="20231101 08:32:01.509" endtime="20231101 08:32:07.678"/>
</kw>
<kw name="E preencho campo apelido já cadastrado e clico em registrar" library="bdd-resource" sourcename="E ${keyword}">
<kw name="Run Keyword" library="BuiltIn">
<arg>${keyword}</arg>
<doc>Executes the given keyword with the given arguments.</doc>
<kw name="preencho campo apelido já cadastrado e clico em registrar" library="resources">
<kw name="Input Text" library="SeleniumLibrary">
<arg>${input_apelido}</arg>
<arg>anadepaula</arg>
<doc>Types the given ``text`` into the text field identified by ``locator``.</doc>
<msg timestamp="20231101 08:32:07.678" level="INFO">Typing text 'anadepaula' into text field 'name:apelido_input'.</msg>
<status status="PASS" starttime="20231101 08:32:07.678" endtime="20231101 08:32:07.877"/>
</kw>
<kw name="Sleep" library="BuiltIn">
<arg>1s</arg>
<doc>Pauses the test executed for the given time.</doc>
<msg timestamp="20231101 08:32:08.878" level="INFO">Slept 1 second</msg>
<status status="PASS" starttime="20231101 08:32:07.877" endtime="20231101 08:32:08.878"/>
</kw>
<kw name="Click Element" library="SeleniumLibrary">
<arg>${submit}</arg>
<doc>Click the element identified by ``locator``.</doc>
<msg timestamp="20231101 08:32:08.879" level="INFO">Clicking element 'id:botao_submit'.</msg>
<status status="PASS" starttime="20231101 08:32:08.878" endtime="20231101 08:32:09.059"/>
</kw>
<kw name="Sleep" library="BuiltIn">
<arg>8s</arg>
<doc>Pauses the test executed for the given time.</doc>
<msg timestamp="20231101 08:32:17.060" level="INFO">Slept 8 seconds</msg>
<status status="PASS" starttime="20231101 08:32:09.059" endtime="20231101 08:32:17.060"/>
</kw>
<status status="PASS" starttime="20231101 08:32:07.678" endtime="20231101 08:32:17.060"/>
</kw>
<status status="PASS" starttime="20231101 08:32:07.678" endtime="20231101 08:32:17.060"/>
</kw>
<status status="PASS" starttime="20231101 08:32:07.678" endtime="20231101 08:32:17.060"/>
</kw>
<kw name="Logo o sistema informa que o apelido já foi cadastrado" library="bdd-resource" sourcename="Logo ${keyword}">
<kw name="Run Keyword" library="BuiltIn">
<arg>${keyword}</arg>
<doc>Executes the given keyword with the given arguments.</doc>
<kw name="o sistema informa que o apelido já foi cadastrado" library="resources">
<kw name="Page Should Contain" library="SeleniumLibrary">
<arg>Apelido já utilizado... Por favor tente novamente!</arg>
<doc>Verifies that current page contains ``text``.</doc>
<msg timestamp="20231101 08:32:17.104" level="INFO">Current page contains text 'Apelido já utilizado... Por favor tente novamente!'.</msg>
<status status="PASS" starttime="20231101 08:32:17.060" endtime="20231101 08:32:17.104"/>
</kw>
<status status="PASS" starttime="20231101 08:32:17.060" endtime="20231101 08:32:17.104"/>
</kw>
<status status="PASS" starttime="20231101 08:32:17.060" endtime="20231101 08:32:17.105"/>
</kw>
<status status="PASS" starttime="20231101 08:32:17.060" endtime="20231101 08:32:17.105"/>
</kw>
<kw name="Fechar navegador" library="resources">
<kw name="Close Browser" library="SeleniumLibrary">
<doc>Closes the current browser.</doc>
<status status="PASS" starttime="20231101 08:32:17.105" endtime="20231101 08:32:19.506"/>
</kw>
<status status="PASS" starttime="20231101 08:32:17.105" endtime="20231101 08:32:19.506"/>
</kw>
<status status="PASS" starttime="20231101 08:31:58.541" endtime="20231101 08:32:19.507"/>
</test>
<test id="s1-t7" name="Caso de Teste 7: Cadastro de usuário com todos os campos vazios" line="49">
<kw name="Dado que estou na página de cadastro" library="bdd-resource" sourcename="Dado que ${keyword}">
<kw name="Run Keyword" library="BuiltIn">
<arg>${keyword}</arg>
<doc>Executes the given keyword with the given arguments.</doc>
<kw name="estou na página de cadastro" library="resources">
<kw name="Open Browser" library="SeleniumLibrary">
<arg>${URL-register}</arg>
<arg>${browser}</arg>
<doc>Opens a new browser instance to the optional ``url``.</doc>
<msg timestamp="20231101 08:32:19.507" level="INFO">Opening browser 'chrome' to base url 'http://localhost/Got-an-Idea/register/registro.php'.</msg>
<status status="PASS" starttime="20231101 08:32:19.507" endtime="20231101 08:32:22.724"/>
</kw>
<kw name="Maximize Browser Window" library="SeleniumLibrary">
<doc>Maximizes current browser window.</doc>
<status status="PASS" starttime="20231101 08:32:22.724" endtime="20231101 08:32:22.917"/>
</kw>
<status status="PASS" starttime="20231101 08:32:19.507" endtime="20231101 08:32:22.918"/>
</kw>
<status status="PASS" starttime="20231101 08:32:19.507" endtime="20231101 08:32:22.918"/>
</kw>
<status status="PASS" starttime="20231101 08:32:19.507" endtime="20231101 08:32:22.918"/>
</kw>
<kw name="Quando deixo todos os campos vazios" library="bdd-resource" sourcename="Quando ${keyword}">
<kw name="Run Keyword" library="BuiltIn">
<arg>${keyword}</arg>
<doc>Executes the given keyword with the given arguments.</doc>
<kw name="deixo todos os campos vazios" library="resources">
<kw name="Input Text" library="SeleniumLibrary">
<arg>${input_nome}</arg>
<arg>Enviar formulario com campos vazios</arg>
<doc>Types the given ``text`` into the text field identified by ``locator``.</doc>
<msg timestamp="20231101 08:32:22.935" level="INFO">Typing text 'Enviar formulario com campos vazios' into text field 'name:nome_input'.</msg>
<status status="PASS" starttime="20231101 08:32:22.934" endtime="20231101 08:32:23.397"/>
</kw>
<kw name="Sleep" library="BuiltIn">
<arg>2s</arg>
<doc>Pauses the test executed for the given time.</doc>
<msg timestamp="20231101 08:32:25.399" level="INFO">Slept 2 seconds</msg>
<status status="PASS" starttime="20231101 08:32:23.397" endtime="20231101 08:32:25.399"/>
</kw>
<kw name="Clear Element Text" library="SeleniumLibrary">
<arg>${input_nome}</arg>
<doc>Clears the value of the text-input-element identified by ``locator``.</doc>
<status status="PASS" starttime="20231101 08:32:25.399" endtime="20231101 08:32:25.446"/>
</kw>
<status status="PASS" starttime="20231101 08:32:22.934" endtime="20231101 08:32:25.446"/>
</kw>
<status status="PASS" starttime="20231101 08:32:22.919" endtime="20231101 08:32:25.446"/>
</kw>
<status status="PASS" starttime="20231101 08:32:22.918" endtime="20231101 08:32:25.446"/>
</kw>
<kw name="E clico em registrar" library="bdd-resource" sourcename="E ${keyword}">
<kw name="Run Keyword" library="BuiltIn">
<arg>${keyword}</arg>
<doc>Executes the given keyword with the given arguments.</doc>
<kw name="clico em registrar" library="resources">
<kw name="Click Element" library="SeleniumLibrary">
<arg>${submit}</arg>
<doc>Click the element identified by ``locator``.</doc>
<msg timestamp="20231101 08:32:25.468" level="INFO">Clicking element 'id:botao_submit'.</msg>
<status status="PASS" starttime="20231101 08:32:25.468" endtime="20231101 08:32:25.570"/>
</kw>
<kw name="Sleep" library="BuiltIn">
<arg>8s</arg>
<doc>Pauses the test executed for the given time.</doc>
<msg timestamp="20231101 08:32:33.573" level="INFO">Slept 8 seconds</msg>
<status status="PASS" starttime="20231101 08:32:25.570" endtime="20231101 08:32:33.573"/>
</kw>
<status status="PASS" starttime="20231101 08:32:25.467" endtime="20231101 08:32:33.573"/>
</kw>
<status status="PASS" starttime="20231101 08:32:25.446" endtime="20231101 08:32:33.573"/>
</kw>
<status status="PASS" starttime="20231101 08:32:25.446" endtime="20231101 08:32:33.573"/>
</kw>
<kw name="Logo o sistema informa que tem campos vazios" library="bdd-resource" sourcename="Logo ${keyword}">
<kw name="Run Keyword" library="BuiltIn">
<arg>${keyword}</arg>
<doc>Executes the given keyword with the given arguments.</doc>
<kw name="o sistema informa que tem campos vazios" library="resources">
<kw name="Page Should Contain" library="SeleniumLibrary">
<arg>Um dos campos está vazio... Por favor preencha-o!</arg>
<doc>Verifies that current page contains ``text``.</doc>
<msg timestamp="20231101 08:32:33.688" level="INFO">Current page contains text 'Um dos campos está vazio... Por favor preencha-o!'.</msg>
<status status="PASS" starttime="20231101 08:32:33.573" endtime="20231101 08:32:33.688"/>
</kw>
<status status="PASS" starttime="20231101 08:32:33.573" endtime="20231101 08:32:33.689"/>
</kw>
<status status="PASS" starttime="20231101 08:32:33.573" endtime="20231101 08:32:33.689"/>
</kw>
<status status="PASS" starttime="20231101 08:32:33.573" endtime="20231101 08:32:33.689"/>
</kw>
<kw name="Fechar navegador" library="resources">
<kw name="Close Browser" library="SeleniumLibrary">
<doc>Closes the current browser.</doc>
<status status="PASS" starttime="20231101 08:32:33.698" endtime="20231101 08:32:36.189"/>
</kw>
<status status="PASS" starttime="20231101 08:32:33.698" endtime="20231101 08:32:36.190"/>
</kw>
<status status="PASS" starttime="20231101 08:32:19.507" endtime="20231101 08:32:36.190"/>
</test>
<test id="s1-t8" name="Caso de Teste 19: Fazer o cadastro com o campo &quot;Nome&quot; com um número no final" line="56">
<kw name="Dado que estou na página de cadastro" library="bdd-resource" sourcename="Dado que ${keyword}">
<kw name="Run Keyword" library="BuiltIn">
<arg>${keyword}</arg>
<doc>Executes the given keyword with the given arguments.</doc>
<kw name="estou na página de cadastro" library="resources">
<kw name="Open Browser" library="SeleniumLibrary">
<arg>${URL-register}</arg>
<arg>${browser}</arg>
<doc>Opens a new browser instance to the optional ``url``.</doc>
<msg timestamp="20231101 08:32:36.190" level="INFO">Opening browser 'chrome' to base url 'http://localhost/Got-an-Idea/register/registro.php'.</msg>
<status status="PASS" starttime="20231101 08:32:36.190" endtime="20231101 08:32:39.278"/>
</kw>
<kw name="Maximize Browser Window" library="SeleniumLibrary">
<doc>Maximizes current browser window.</doc>
<status status="PASS" starttime="20231101 08:32:39.278" endtime="20231101 08:32:39.428"/>
</kw>
<status status="PASS" starttime="20231101 08:32:36.190" endtime="20231101 08:32:39.428"/>
</kw>
<status status="PASS" starttime="20231101 08:32:36.190" endtime="20231101 08:32:39.428"/>
</kw>
<status status="PASS" starttime="20231101 08:32:36.190" endtime="20231101 08:32:39.428"/>
</kw>
<kw name="Quando preencho todos os campos de formulário de cadastro (nome)" library="bdd-resource" sourcename="Quando ${keyword}">
<kw name="Run Keyword" library="BuiltIn">
<arg>${keyword}</arg>
<doc>Executes the given keyword with the given arguments.</doc>
<kw name="preencho todos os campos de formulário de cadastro (nome)" library="resources">
<kw name="Input Text" library="SeleniumLibrary">
<arg>${input_sobrenome}</arg>
<arg>Nomenum</arg>
<doc>Types the given ``text`` into the text field identified by ``locator``.</doc>
<msg timestamp="20231101 08:32:39.448" level="INFO">Typing text 'Nomenum' into text field 'name:sobrenome_input'.</msg>
<status status="PASS" starttime="20231101 08:32:39.448" endtime="20231101 08:32:39.909"/>
</kw>
<kw name="Sleep" library="BuiltIn">
<arg>1s</arg>
<doc>Pauses the test executed for the given time.</doc>
<msg timestamp="20231101 08:32:40.909" level="INFO">Slept 1 second</msg>
<status status="PASS" starttime="20231101 08:32:39.909" endtime="20231101 08:32:40.909"/>
</kw>
<kw name="Input Text" library="SeleniumLibrary">
<arg>${input_email}</arg>
<arg>nomenum@email.com</arg>
<doc>Types the given ``text`` into the text field identified by ``locator``.</doc>
<msg timestamp="20231101 08:32:40.909" level="INFO">Typing text 'nomenum@email.com' into text field 'name:email_input'.</msg>
<status status="PASS" starttime="20231101 08:32:40.909" endtime="20231101 08:32:41.184"/>
</kw>
<kw name="Sleep" library="BuiltIn">
<arg>1s</arg>
<doc>Pauses the test executed for the given time.</doc>
<msg timestamp="20231101 08:32:42.185" level="INFO">Slept 1 second</msg>
<status status="PASS" starttime="20231101 08:32:41.184" endtime="20231101 08:32:42.185"/>
</kw>
<kw name="Input Text" library="SeleniumLibrary">
<arg>${input_apelido}</arg>
<arg>nomenum</arg>
<doc>Types the given ``text`` into the text field identified by ``locator``.</doc>
<msg timestamp="20231101 08:32:42.186" level="INFO">Typing text 'nomenum' into text field 'name:apelido_input'.</msg>
<status status="PASS" starttime="20231101 08:32:42.185" endtime="20231101 08:32:43.148"/>
</kw>
<kw name="Sleep" library="BuiltIn">
<arg>1s</arg>
<doc>Pauses the test executed for the given time.</doc>
<msg timestamp="20231101 08:32:44.149" level="INFO">Slept 1 second</msg>
<status status="PASS" starttime="20231101 08:32:43.148" endtime="20231101 08:32:44.150"/>
</kw>
<kw name="Input Password" library="SeleniumLibrary">
<arg>${input_senha}</arg>
<arg>D@123456</arg>
<doc>Types the given password into the text field identified by ``locator``.</doc>
<msg timestamp="20231101 08:32:44.151" level="INFO">Typing password into text field 'name:senha_input'.</msg>
<msg timestamp="20231101 08:32:45.233" level="INFO">Temporally setting log level to: NONE</msg>
<msg timestamp="20231101 08:32:45.441" level="INFO">Log level changed from NONE to INFO.</msg>
<status status="PASS" starttime="20231101 08:32:44.150" endtime="20231101 08:32:45.441"/>
</kw>
<kw name="Sleep" library="BuiltIn">
<arg>1s</arg>
<doc>Pauses the test executed for the given time.</doc>
<msg timestamp="20231101 08:32:46.442" level="INFO">Slept 1 second</msg>
<status status="PASS" starttime="20231101 08:32:45.441" endtime="20231101 08:32:46.442"/>
</kw>
<kw name="Input Password" library="SeleniumLibrary">
<arg>${input_confirmar}</arg>
<arg>D@123456</arg>
<doc>Types the given password into the text field identified by ``locator``.</doc>
<msg timestamp="20231101 08:32:46.442" level="INFO">Typing password into text field 'name:confirmar_input'.</msg>
<msg timestamp="20231101 08:32:46.576" level="INFO">Temporally setting log level to: NONE</msg>
<msg timestamp="20231101 08:32:46.692" level="INFO">Log level changed from NONE to INFO.</msg>
<status status="PASS" starttime="20231101 08:32:46.442" endtime="20231101 08:32:46.692"/>
</kw>
<kw name="Sleep" library="BuiltIn">
<arg>1s</arg>
<doc>Pauses the test executed for the given time.</doc>
<msg timestamp="20231101 08:32:47.693" level="INFO">Slept 1 second</msg>
<status status="PASS" starttime="20231101 08:32:46.692" endtime="20231101 08:32:47.693"/>
</kw>
<status status="PASS" starttime="20231101 08:32:39.448" endtime="20231101 08:32:47.694"/>
</kw>
<status status="PASS" starttime="20231101 08:32:39.428" endtime="20231101 08:32:47.694"/>
</kw>
<status status="PASS" starttime="20231101 08:32:39.428" endtime="20231101 08:32:47.694"/>
</kw>
<kw name="E preencho o campo nome com um nome e um número e clico em registrar" library="bdd-resource" sourcename="E ${keyword}">
<kw name="Run Keyword" library="BuiltIn">
<arg>${keyword}</arg>
<doc>Executes the given keyword with the given arguments.</doc>
<kw name="preencho o campo nome com um nome e um número e clico em registrar" library="resources">
<kw name="Input Text" library="SeleniumLibrary">
<arg>${input_nome}</arg>
<arg>Diogo2</arg>
<doc>Types the given ``text`` into the text field identified by ``locator``.</doc>
<msg timestamp="20231101 08:32:47.694" level="INFO">Typing text 'Diogo2' into text field 'name:nome_input'.</msg>
<status status="PASS" starttime="20231101 08:32:47.694" endtime="20231101 08:32:47.932"/>
</kw>
<kw name="Sleep" library="BuiltIn">
<arg>1s</arg>
<doc>Pauses the test executed for the given time.</doc>
<msg timestamp="20231101 08:32:48.932" level="INFO">Slept 1 second</msg>
<status status="PASS" starttime="20231101 08:32:47.932" endtime="20231101 08:32:48.932"/>
</kw>
<kw name="Click Element" library="SeleniumLibrary">
<arg>${submit}</arg>
<doc>Click the element identified by ``locator``.</doc>
<msg timestamp="20231101 08:32:48.932" level="INFO">Clicking element 'id:botao_submit'.</msg>
<status status="PASS" starttime="20231101 08:32:48.932" endtime="20231101 08:32:49.009"/>
</kw>
<kw name="Sleep" library="BuiltIn">
<arg>8s</arg>
<doc>Pauses the test executed for the given time.</doc>
<msg timestamp="20231101 08:32:57.009" level="INFO">Slept 8 seconds</msg>
<status status="PASS" starttime="20231101 08:32:49.009" endtime="20231101 08:32:57.009"/>
</kw>
<status status="PASS" starttime="20231101 08:32:47.694" endtime="20231101 08:32:57.009"/>
</kw>
<status status="PASS" starttime="20231101 08:32:47.694" endtime="20231101 08:32:57.009"/>
</kw>
<status status="PASS" starttime="20231101 08:32:47.694" endtime="20231101 08:32:57.009"/>
</kw>
<kw name="Logo o sistema informa que não pode ser cadastrado um nome com um número" library="bdd-resource" sourcename="Logo ${keyword}">
<kw name="Run Keyword" library="BuiltIn">
<arg>${keyword}</arg>
<doc>Executes the given keyword with the given arguments.</doc>
<kw name="o sistema informa que não pode ser cadastrado um nome com um número" library="resources">
<kw name="Wait Until Element Is Visible" library="SeleniumLibrary">
<arg>${notificacao_div}</arg>
<doc>Waits until the element ``locator`` is visible.</doc>
<status status="PASS" starttime="20231101 08:32:57.009" endtime="20231101 08:32:57.059"/>
</kw>
<kw name="Page Should Contain" library="SeleniumLibrary">
<arg>Nome: entre 2&amp;25 caracteres e começar com maiúscula</arg>
<doc>Verifies that current page contains ``text``.</doc>
<msg timestamp="20231101 08:32:57.078" level="INFO">Current page contains text 'Nome: entre 2&amp;25 caracteres e começar com maiúscula'.</msg>
<status status="PASS" starttime="20231101 08:32:57.059" endtime="20231101 08:32:57.078"/>
</kw>
<status status="PASS" starttime="20231101 08:32:57.009" endtime="20231101 08:32:57.078"/>
</kw>
<status status="PASS" starttime="20231101 08:32:57.009" endtime="20231101 08:32:57.078"/>
</kw>
<status status="PASS" starttime="20231101 08:32:57.009" endtime="20231101 08:32:57.078"/>
</kw>
<kw name="Fechar navegador" library="resources">
<kw name="Close Browser" library="SeleniumLibrary">
<doc>Closes the current browser.</doc>
<status status="PASS" starttime="20231101 08:32:57.078" endtime="20231101 08:32:59.472"/>
</kw>
<status status="PASS" starttime="20231101 08:32:57.078" endtime="20231101 08:32:59.472"/>
</kw>
<status status="PASS" starttime="20231101 08:32:36.190" endtime="20231101 08:32:59.473"/>
</test>
<status status="FAIL" starttime="20231101 08:30:22.688" endtime="20231101 08:32:59.473"/>
</suite>
<statistics>
<total>
<stat pass="7" fail="1" skip="0">All Tests</stat>
</total>
<tag>
</tag>
<suite>
<stat pass="7" fail="1" skip="0" id="s1" name="Test-Cases-Bdd">Test-Cases-Bdd</stat>
</suite>
</statistics>
<errors>
</errors>
</robot>
