<?xml version="1.0" encoding="UTF-8"?>
<robot generator="Robot 6.1.1 (Python 3.12.0 on win32)" generated="20231006 11:30:10.322" rpa="false" schemaversion="4">
<suite id="s1" name="Form" source="c:\Users\diogo\OneDrive\Documentos\GitHub\WEB-Project\Projetos\robot-framework\aula03\form.robot">
<test id="s1-t1" name="Cenário 1: Preencher formulário" line="35">
<kw name="Abrir navegador">
<kw name="Open Browser" library="SeleniumLibrary">
<arg>https://app.formtester365.com/signup</arg>
<arg>chrome</arg>
<doc>Opens a new browser instance to the optional ``url``.</doc>
<msg timestamp="20231006 11:30:10.698" level="INFO">Opening browser 'chrome' to base url 'https://app.formtester365.com/signup'.</msg>
<status status="PASS" starttime="20231006 11:30:10.697" endtime="20231006 11:30:14.369"/>
</kw>
<status status="PASS" starttime="20231006 11:30:10.696" endtime="20231006 11:30:14.370"/>
</kw>
<kw name="Preencher campos">
<kw name="Input Text" library="SeleniumLibrary">
<arg>${input_name}</arg>
<arg>Diogo</arg>
<doc>Types the given ``text`` into the text field identified by ``locator``.</doc>
<msg timestamp="20231006 11:30:14.375" level="INFO">Typing text 'Diogo' into text field 'id:fname'.</msg>
<status status="PASS" starttime="20231006 11:30:14.373" endtime="20231006 11:30:14.529"/>
</kw>
<kw name="Sleep" library="BuiltIn">
<arg>1s</arg>
<doc>Pauses the test executed for the given time.</doc>
<msg timestamp="20231006 11:30:15.534" level="INFO">Slept 1 second</msg>
<status status="PASS" starttime="20231006 11:30:14.531" endtime="20231006 11:30:15.535"/>
</kw>
<kw name="Input Text" library="SeleniumLibrary">
<arg>${input_lastname}</arg>
<arg>Sobezak</arg>
<doc>Types the given ``text`` into the text field identified by ``locator``.</doc>
<msg timestamp="20231006 11:30:15.539" level="INFO">Typing text 'Sobezak' into text field 'id:lname'.</msg>
<status status="PASS" starttime="20231006 11:30:15.536" endtime="20231006 11:30:15.805"/>
</kw>
<kw name="Sleep" library="BuiltIn">
<arg>1s</arg>
<doc>Pauses the test executed for the given time.</doc>
<msg timestamp="20231006 11:30:16.807" level="INFO">Slept 1 second</msg>
<status status="PASS" starttime="20231006 11:30:15.805" endtime="20231006 11:30:16.807"/>
</kw>
<kw name="Input Text" library="SeleniumLibrary">
<arg>${input_email}</arg>
<arg>diogo@email.com</arg>
<doc>Types the given ``text`` into the text field identified by ``locator``.</doc>
<msg timestamp="20231006 11:30:16.809" level="INFO">Typing text 'diogo@email.com' into text field 'id:email'.</msg>
<status status="PASS" starttime="20231006 11:30:16.808" endtime="20231006 11:30:16.984"/>
</kw>
<kw name="Sleep" library="BuiltIn">
<arg>1s</arg>
<doc>Pauses the test executed for the given time.</doc>
<msg timestamp="20231006 11:30:17.986" level="INFO">Slept 1 second</msg>
<status status="PASS" starttime="20231006 11:30:16.984" endtime="20231006 11:30:17.986"/>
</kw>
<kw name="Input Text" library="SeleniumLibrary">
<arg>${input_password}</arg>
<arg>123456</arg>
<doc>Types the given ``text`` into the text field identified by ``locator``.</doc>
<msg timestamp="20231006 11:30:17.987" level="INFO">Typing text '123456' into text field 'id:password'.</msg>
<status status="PASS" starttime="20231006 11:30:17.986" endtime="20231006 11:30:18.100"/>
</kw>
<kw name="Sleep" library="BuiltIn">
<arg>1s</arg>
<doc>Pauses the test executed for the given time.</doc>
<msg timestamp="20231006 11:30:19.102" level="INFO">Slept 1 second</msg>
<status status="PASS" starttime="20231006 11:30:18.100" endtime="20231006 11:30:19.103"/>
</kw>
<kw name="Input Text" library="SeleniumLibrary">
<arg>${input_confirmpassword}</arg>
<arg>123456</arg>
<doc>Types the given ``text`` into the text field identified by ``locator``.</doc>
<msg timestamp="20231006 11:30:19.107" level="INFO">Typing text '123456' into text field 'id:confirmPassword'.</msg>
<status status="PASS" starttime="20231006 11:30:19.104" endtime="20231006 11:30:19.284"/>
</kw>
<kw name="Sleep" library="BuiltIn">
<arg>1s</arg>
<doc>Pauses the test executed for the given time.</doc>
<msg timestamp="20231006 11:30:20.287" level="INFO">Slept 1 second</msg>
<status status="PASS" starttime="20231006 11:30:19.285" endtime="20231006 11:30:20.288"/>
</kw>
<status status="PASS" starttime="20231006 11:30:14.372" endtime="20231006 11:30:20.289"/>
</kw>
<kw name="Enviar formulario">
<kw name="Click Element" library="SeleniumLibrary">
<arg>${button_submit}</arg>
<doc>Click the element identified by ``locator``.</doc>
<msg timestamp="20231006 11:30:20.299" level="INFO">Clicking element 'id:sub'.</msg>
<status status="PASS" starttime="20231006 11:30:20.294" endtime="20231006 11:30:21.191"/>
</kw>
<status status="PASS" starttime="20231006 11:30:20.291" endtime="20231006 11:30:21.192"/>
</kw>
<kw name="Fechar navegador">
<kw name="Close Browser" library="SeleniumLibrary">
<doc>Closes the current browser.</doc>
<status status="PASS" starttime="20231006 11:30:21.195" endtime="20231006 11:30:24.784"/>
</kw>
<status status="PASS" starttime="20231006 11:30:21.194" endtime="20231006 11:30:24.785"/>
</kw>
<status status="PASS" starttime="20231006 11:30:10.695" endtime="20231006 11:30:24.788"/>
</test>
<status status="PASS" starttime="20231006 11:30:10.332" endtime="20231006 11:30:24.792"/>
</suite>
<statistics>
<total>
<stat pass="1" fail="0" skip="0">All Tests</stat>
</total>
<tag>
</tag>
<suite>
<stat pass="1" fail="0" skip="0" id="s1" name="Form">Form</stat>
</suite>
</statistics>
<errors>
</errors>
</robot>
