<?xml version="1.0" encoding="UTF-8"?>
<robot generator="Robot 6.1.1 (Python 3.11.4 on win32)" generated="20231009 21:10:16.370" rpa="false" schemaversion="4">
<suite id="s1" name="Testcases" source="C:\Users\diogo\OneDrive\Documentos\GitHub\WEB-Project\Faculdade\4° Semestre\Verificação e Validação\teste-automatizado-ra2\testcases.robot">
<test id="s1-t1" name="CT01 - Cadastro de usuário sem nome" line="5">
<kw name="Abrir a página de cadastro de usuário" library="index">
<kw name="Open Browser" library="SeleniumLibrary">
<arg>${URL-register}</arg>
<arg>${Browser}</arg>
<doc>Opens a new browser instance to the optional ``url``.</doc>
<msg timestamp="20231009 21:10:16.626" level="INFO">Opening browser 'chrome' to base url 'http://localhost/Got-an-Idea/register/registro.php'.</msg>
<status status="PASS" starttime="20231009 21:10:16.625" endtime="20231009 21:10:18.506"/>
</kw>
<kw name="Maximize Browser Window" library="SeleniumLibrary">
<doc>Maximizes current browser window.</doc>
<status status="PASS" starttime="20231009 21:10:18.506" endtime="20231009 21:10:18.639"/>
</kw>
<status status="PASS" starttime="20231009 21:10:16.625" endtime="20231009 21:10:18.640"/>
</kw>
<kw name="Preencher todos os campos menos o campo nome" library="index">
<kw name="Input Text" library="SeleniumLibrary">
<arg>${input_sobrenome}</arg>
<arg>Souza</arg>
<doc>Types the given ``text`` into the text field identified by ``locator``.</doc>
<msg timestamp="20231009 21:10:18.642" level="INFO">Typing text 'Souza' into text field 'name:sobrenome_input'.</msg>
<status status="PASS" starttime="20231009 21:10:18.641" endtime="20231009 21:10:18.820"/>
</kw>
<kw name="Sleep" library="BuiltIn">
<arg>1s</arg>
<doc>Pauses the test executed for the given time.</doc>
<msg timestamp="20231009 21:10:19.820" level="INFO">Slept 1 second</msg>
<status status="PASS" starttime="20231009 21:10:18.820" endtime="20231009 21:10:19.820"/>
</kw>
<kw name="Input Text" library="SeleniumLibrary">
<arg>${input_email}</arg>
<arg>fernando_luiz_dapaz@patriciagrillo.adv.br</arg>
<doc>Types the given ``text`` into the text field identified by ``locator``.</doc>
<msg timestamp="20231009 21:10:19.820" level="INFO">Typing text 'fernando_luiz_dapaz@patriciagrillo.adv.br' into text field 'name:email_input'.</msg>
<status status="PASS" starttime="20231009 21:10:19.820" endtime="20231009 21:10:19.942"/>
</kw>
<kw name="Sleep" library="BuiltIn">
<arg>1s</arg>
<doc>Pauses the test executed for the given time.</doc>
<msg timestamp="20231009 21:10:20.943" level="INFO">Slept 1 second</msg>
<status status="PASS" starttime="20231009 21:10:19.942" endtime="20231009 21:10:20.943"/>
</kw>
<kw name="Input Text" library="SeleniumLibrary">
<arg>${input_apelido}</arg>
<arg>fernandoluiz</arg>
<doc>Types the given ``text`` into the text field identified by ``locator``.</doc>
<msg timestamp="20231009 21:10:20.944" level="INFO">Typing text 'fernandoluiz' into text field 'name:apelido_input'.</msg>
<status status="PASS" starttime="20231009 21:10:20.943" endtime="20231009 21:10:21.044"/>
</kw>
<kw name="Sleep" library="BuiltIn">
<arg>1s</arg>
<doc>Pauses the test executed for the given time.</doc>
<msg timestamp="20231009 21:10:22.045" level="INFO">Slept 1 second</msg>
<status status="PASS" starttime="20231009 21:10:21.044" endtime="20231009 21:10:22.045"/>
</kw>
<kw name="Input Password" library="SeleniumLibrary">
<arg>${input_senha}</arg>
<arg>D@123456</arg>
<doc>Types the given password into the text field identified by ``locator``.</doc>
<msg timestamp="20231009 21:10:22.046" level="INFO">Typing password into text field 'name:senha_input'.</msg>
<msg timestamp="20231009 21:10:22.080" level="INFO">Temporally setting log level to: NONE</msg>
<msg timestamp="20231009 21:10:22.124" level="INFO">Log level changed from NONE to INFO.</msg>
<status status="PASS" starttime="20231009 21:10:22.045" endtime="20231009 21:10:22.124"/>
</kw>
<kw name="Sleep" library="BuiltIn">
<arg>1s</arg>
<doc>Pauses the test executed for the given time.</doc>
<msg timestamp="20231009 21:10:23.124" level="INFO">Slept 1 second</msg>
<status status="PASS" starttime="20231009 21:10:22.124" endtime="20231009 21:10:23.124"/>
</kw>
<kw name="Input Password" library="SeleniumLibrary">
<arg>${input_confirmar}</arg>
<arg>D@123456</arg>
<doc>Types the given password into the text field identified by ``locator``.</doc>
<msg timestamp="20231009 21:10:23.125" level="INFO">Typing password into text field 'name:confirmar_input'.</msg>
<msg timestamp="20231009 21:10:23.158" level="INFO">Temporally setting log level to: NONE</msg>
<msg timestamp="20231009 21:10:23.204" level="INFO">Log level changed from NONE to INFO.</msg>
<status status="PASS" starttime="20231009 21:10:23.124" endtime="20231009 21:10:23.204"/>
</kw>
<kw name="Sleep" library="BuiltIn">
<arg>1s</arg>
<doc>Pauses the test executed for the given time.</doc>
<msg timestamp="20231009 21:10:24.205" level="INFO">Slept 1 second</msg>
<status status="PASS" starttime="20231009 21:10:23.204" endtime="20231009 21:10:24.205"/>
</kw>
<status status="PASS" starttime="20231009 21:10:18.640" endtime="20231009 21:10:24.205"/>
</kw>
<kw name="Clicar em Registrar" library="index">
<kw name="Click Element" library="SeleniumLibrary">
<arg>${submit}</arg>
<doc>Click the element identified by ``locator``.</doc>
<msg timestamp="20231009 21:10:24.206" level="INFO">Clicking element 'id:botao_submit'.</msg>
<status status="PASS" starttime="20231009 21:10:24.206" endtime="20231009 21:10:24.253"/>
</kw>
<kw name="Sleep" library="BuiltIn">
<arg>8s</arg>
<doc>Pauses the test executed for the given time.</doc>
<msg timestamp="20231009 21:10:32.254" level="INFO">Slept 8 seconds</msg>
<status status="PASS" starttime="20231009 21:10:24.253" endtime="20231009 21:10:32.254"/>
</kw>
<status status="PASS" starttime="20231009 21:10:24.205" endtime="20231009 21:10:32.254"/>
</kw>
<kw name="Verificar campos vazios" library="index">
<kw name="Page Should Contain" library="SeleniumLibrary">
<arg>Um dos campos está vazio... Por favor preencha-o!</arg>
<doc>Verifies that current page contains ``text``.</doc>
<msg timestamp="20231009 21:10:32.269" level="INFO">Current page contains text 'Um dos campos está vazio... Por favor preencha-o!'.</msg>
<status status="PASS" starttime="20231009 21:10:32.254" endtime="20231009 21:10:32.269"/>
</kw>
<status status="PASS" starttime="20231009 21:10:32.254" endtime="20231009 21:10:32.269"/>
</kw>
<kw name="Fechar navegador" library="index">
<kw name="Close Browser" library="SeleniumLibrary">
<doc>Closes the current browser.</doc>
<status status="PASS" starttime="20231009 21:10:32.270" endtime="20231009 21:10:34.610"/>
</kw>
<status status="PASS" starttime="20231009 21:10:32.270" endtime="20231009 21:10:34.610"/>
</kw>
<status status="PASS" starttime="20231009 21:10:16.624" endtime="20231009 21:10:34.611"/>
</test>
<test id="s1-t2" name="CT02 - Cadastro de usuário com nome composto" line="12">
<kw name="Abrir a página de cadastro de usuário" library="index">
<kw name="Open Browser" library="SeleniumLibrary">
<arg>${URL-register}</arg>
<arg>${Browser}</arg>
<doc>Opens a new browser instance to the optional ``url``.</doc>
<msg timestamp="20231009 21:10:34.613" level="INFO">Opening browser 'chrome' to base url 'http://localhost/Got-an-Idea/register/registro.php'.</msg>
<status status="PASS" starttime="20231009 21:10:34.612" endtime="20231009 21:10:36.439"/>
</kw>
<kw name="Maximize Browser Window" library="SeleniumLibrary">
<doc>Maximizes current browser window.</doc>
<status status="PASS" starttime="20231009 21:10:36.439" endtime="20231009 21:10:36.562"/>
</kw>
<status status="PASS" starttime="20231009 21:10:34.612" endtime="20231009 21:10:36.562"/>
</kw>
<kw name="Cadastro de usuário com nome composto" library="index">
<kw name="Input Text" library="SeleniumLibrary">
<arg>${input_nome}</arg>
<arg>Ana de Paula</arg>
<doc>Types the given ``text`` into the text field identified by ``locator``.</doc>
<msg timestamp="20231009 21:10:36.563" level="INFO">Typing text 'Ana de Paula' into text field 'name:nome_input'.</msg>
<status status="PASS" starttime="20231009 21:10:36.562" endtime="20231009 21:10:36.767"/>
</kw>
<kw name="Sleep" library="BuiltIn">
<arg>1s</arg>
<doc>Pauses the test executed for the given time.</doc>
<msg timestamp="20231009 21:10:37.767" level="INFO">Slept 1 second</msg>
<status status="PASS" starttime="20231009 21:10:36.767" endtime="20231009 21:10:37.767"/>
</kw>
<kw name="Input Text" library="SeleniumLibrary">
<arg>${input_sobrenome}</arg>
<arg>Fernandes</arg>
<doc>Types the given ``text`` into the text field identified by ``locator``.</doc>
<msg timestamp="20231009 21:10:37.768" level="INFO">Typing text 'Fernandes' into text field 'name:sobrenome_input'.</msg>
<status status="PASS" starttime="20231009 21:10:37.767" endtime="20231009 21:10:37.858"/>
</kw>
<kw name="Sleep" library="BuiltIn">
<arg>1s</arg>
<doc>Pauses the test executed for the given time.</doc>
<msg timestamp="20231009 21:10:38.858" level="INFO">Slept 1 second</msg>
<status status="PASS" starttime="20231009 21:10:37.858" endtime="20231009 21:10:38.858"/>
</kw>
<kw name="Input Text" library="SeleniumLibrary">
<arg>${input_email}</arg>
<arg>anadepaula@email.com</arg>
<doc>Types the given ``text`` into the text field identified by ``locator``.</doc>
<msg timestamp="20231009 21:10:38.859" level="INFO">Typing text 'anadepaula@email.com' into text field 'name:email_input'.</msg>
<status status="PASS" starttime="20231009 21:10:38.858" endtime="20231009 21:10:38.967"/>
</kw>
<kw name="Sleep" library="BuiltIn">
<arg>1s</arg>
<doc>Pauses the test executed for the given time.</doc>
<msg timestamp="20231009 21:10:39.969" level="INFO">Slept 1 second</msg>
<status status="PASS" starttime="20231009 21:10:38.967" endtime="20231009 21:10:39.969"/>
</kw>
<kw name="Input Text" library="SeleniumLibrary">
<arg>${input_apelido}</arg>
<arg>anadepaula</arg>
<doc>Types the given ``text`` into the text field identified by ``locator``.</doc>
<msg timestamp="20231009 21:10:39.969" level="INFO">Typing text 'anadepaula' into text field 'name:apelido_input'.</msg>
<status status="PASS" starttime="20231009 21:10:39.969" endtime="20231009 21:10:40.057"/>
</kw>
<kw name="Sleep" library="BuiltIn">
<arg>1s</arg>
<doc>Pauses the test executed for the given time.</doc>
<msg timestamp="20231009 21:10:41.058" level="INFO">Slept 1 second</msg>
<status status="PASS" starttime="20231009 21:10:40.057" endtime="20231009 21:10:41.058"/>
</kw>
<kw name="Input Password" library="SeleniumLibrary">
<arg>${input_senha}</arg>
<arg>D@123456</arg>
<doc>Types the given password into the text field identified by ``locator``.</doc>
<msg timestamp="20231009 21:10:41.058" level="INFO">Typing password into text field 'name:senha_input'.</msg>
<msg timestamp="20231009 21:10:41.092" level="INFO">Temporally setting log level to: NONE</msg>
<msg timestamp="20231009 21:10:41.135" level="INFO">Log level changed from NONE to INFO.</msg>
<status status="PASS" starttime="20231009 21:10:41.058" endtime="20231009 21:10:41.136"/>
</kw>
<kw name="Sleep" library="BuiltIn">
<arg>1s</arg>
<doc>Pauses the test executed for the given time.</doc>
<msg timestamp="20231009 21:10:42.136" level="INFO">Slept 1 second</msg>
<status status="PASS" starttime="20231009 21:10:41.136" endtime="20231009 21:10:42.136"/>
</kw>
<kw name="Input Password" library="SeleniumLibrary">
<arg>${input_confirmar}</arg>
<arg>D@123456</arg>
<doc>Types the given password into the text field identified by ``locator``.</doc>
<msg timestamp="20231009 21:10:42.136" level="INFO">Typing password into text field 'name:confirmar_input'.</msg>
<msg timestamp="20231009 21:10:42.169" level="INFO">Temporally setting log level to: NONE</msg>
<msg timestamp="20231009 21:10:42.219" level="INFO">Log level changed from NONE to INFO.</msg>
<status status="PASS" starttime="20231009 21:10:42.136" endtime="20231009 21:10:42.219"/>
</kw>
<kw name="Sleep" library="BuiltIn">
<arg>1s</arg>
<doc>Pauses the test executed for the given time.</doc>
<msg timestamp="20231009 21:10:43.219" level="INFO">Slept 1 second</msg>
<status status="PASS" starttime="20231009 21:10:42.219" endtime="20231009 21:10:43.219"/>
</kw>
<status status="PASS" starttime="20231009 21:10:36.562" endtime="20231009 21:10:43.219"/>
</kw>
<kw name="Clicar em Registrar" library="index">
<kw name="Click Element" library="SeleniumLibrary">
<arg>${submit}</arg>
<doc>Click the element identified by ``locator``.</doc>
<msg timestamp="20231009 21:10:43.220" level="INFO">Clicking element 'id:botao_submit'.</msg>
<status status="PASS" starttime="20231009 21:10:43.219" endtime="20231009 21:10:43.287"/>
</kw>
<kw name="Sleep" library="BuiltIn">
<arg>8s</arg>
<doc>Pauses the test executed for the given time.</doc>
<msg timestamp="20231009 21:10:51.288" level="INFO">Slept 8 seconds</msg>
<status status="PASS" starttime="20231009 21:10:43.287" endtime="20231009 21:10:51.288"/>
</kw>
<status status="PASS" starttime="20231009 21:10:43.219" endtime="20231009 21:10:51.288"/>
</kw>
<kw name="Fechar navegador" library="index">
<kw name="Close Browser" library="SeleniumLibrary">
<doc>Closes the current browser.</doc>
<status status="PASS" starttime="20231009 21:10:51.288" endtime="20231009 21:10:54.102"/>
</kw>
<status status="PASS" starttime="20231009 21:10:51.288" endtime="20231009 21:10:54.102"/>
</kw>
<status status="PASS" starttime="20231009 21:10:34.612" endtime="20231009 21:10:54.102"/>
</test>
<test id="s1-t3" name="CT03 - Cadastrar um usuário com um email que já foi cadastrado" line="18">
<kw name="Abrir a página de cadastro de usuário" library="index">
<kw name="Open Browser" library="SeleniumLibrary">
<arg>${URL-register}</arg>
<arg>${Browser}</arg>
<doc>Opens a new browser instance to the optional ``url``.</doc>
<msg timestamp="20231009 21:10:54.104" level="INFO">Opening browser 'chrome' to base url 'http://localhost/Got-an-Idea/register/registro.php'.</msg>
<status status="PASS" starttime="20231009 21:10:54.104" endtime="20231009 21:10:56.111"/>
</kw>
<kw name="Maximize Browser Window" library="SeleniumLibrary">
<doc>Maximizes current browser window.</doc>
<status status="PASS" starttime="20231009 21:10:56.111" endtime="20231009 21:10:56.242"/>
</kw>
<status status="PASS" starttime="20231009 21:10:54.103" endtime="20231009 21:10:56.242"/>
</kw>
<kw name="Cadastrar um usuário com um email que já foi cadastrado" library="index">
<kw name="Input Text" library="SeleniumLibrary">
<arg>${input_nome}</arg>
<arg>Teste</arg>
<doc>Types the given ``text`` into the text field identified by ``locator``.</doc>
<msg timestamp="20231009 21:10:56.243" level="INFO">Typing text 'Teste' into text field 'name:nome_input'.</msg>
<status status="PASS" starttime="20231009 21:10:56.242" endtime="20231009 21:10:56.443"/>
</kw>
<kw name="Sleep" library="BuiltIn">
<arg>1s</arg>
<doc>Pauses the test executed for the given time.</doc>
<msg timestamp="20231009 21:10:57.445" level="INFO">Slept 1 second</msg>
<status status="PASS" starttime="20231009 21:10:56.444" endtime="20231009 21:10:57.445"/>
</kw>
<kw name="Input Text" library="SeleniumLibrary">
<arg>${input_sobrenome}</arg>
<arg>Email</arg>
<doc>Types the given ``text`` into the text field identified by ``locator``.</doc>
<msg timestamp="20231009 21:10:57.446" level="INFO">Typing text 'Email' into text field 'name:sobrenome_input'.</msg>
<status status="PASS" starttime="20231009 21:10:57.445" endtime="20231009 21:10:57.529"/>
</kw>
<kw name="Sleep" library="BuiltIn">
<arg>1s</arg>
<doc>Pauses the test executed for the given time.</doc>
<msg timestamp="20231009 21:10:58.530" level="INFO">Slept 1 second</msg>
<status status="PASS" starttime="20231009 21:10:57.529" endtime="20231009 21:10:58.530"/>
</kw>
<kw name="Input Text" library="SeleniumLibrary">
<arg>${input_email}</arg>
<arg>anadepaula@email.com</arg>
<doc>Types the given ``text`` into the text field identified by ``locator``.</doc>
<msg timestamp="20231009 21:10:58.531" level="INFO">Typing text 'anadepaula@email.com' into text field 'name:email_input'.</msg>
<status status="PASS" starttime="20231009 21:10:58.530" endtime="20231009 21:10:58.625"/>
</kw>
<kw name="Sleep" library="BuiltIn">
<arg>1s</arg>
<doc>Pauses the test executed for the given time.</doc>
<msg timestamp="20231009 21:10:59.626" level="INFO">Slept 1 second</msg>
<status status="PASS" starttime="20231009 21:10:58.626" endtime="20231009 21:10:59.626"/>
</kw>
<kw name="Input Text" library="SeleniumLibrary">
<arg>${input_apelido}</arg>
<arg>testeemail</arg>
<doc>Types the given ``text`` into the text field identified by ``locator``.</doc>
<msg timestamp="20231009 21:10:59.626" level="INFO">Typing text 'testeemail' into text field 'name:apelido_input'.</msg>
<status status="PASS" starttime="20231009 21:10:59.626" endtime="20231009 21:10:59.706"/>
</kw>
<kw name="Sleep" library="BuiltIn">
<arg>1s</arg>
<doc>Pauses the test executed for the given time.</doc>
<msg timestamp="20231009 21:11:00.708" level="INFO">Slept 1 second</msg>
<status status="PASS" starttime="20231009 21:10:59.706" endtime="20231009 21:11:00.708"/>
</kw>
<kw name="Input Password" library="SeleniumLibrary">
<arg>${input_senha}</arg>
<arg>D@123456</arg>
<doc>Types the given password into the text field identified by ``locator``.</doc>
<msg timestamp="20231009 21:11:00.709" level="INFO">Typing password into text field 'name:senha_input'.</msg>
<msg timestamp="20231009 21:11:00.742" level="INFO">Temporally setting log level to: NONE</msg>
<msg timestamp="20231009 21:11:00.793" level="INFO">Log level changed from NONE to INFO.</msg>
<status status="PASS" starttime="20231009 21:11:00.708" endtime="20231009 21:11:00.793"/>
</kw>
<kw name="Sleep" library="BuiltIn">
<arg>1s</arg>
<doc>Pauses the test executed for the given time.</doc>
<msg timestamp="20231009 21:11:01.793" level="INFO">Slept 1 second</msg>
<status status="PASS" starttime="20231009 21:11:00.793" endtime="20231009 21:11:01.793"/>
</kw>
<kw name="Input Password" library="SeleniumLibrary">
<arg>${input_confirmar}</arg>
<arg>D@123456</arg>
<doc>Types the given password into the text field identified by ``locator``.</doc>
<msg timestamp="20231009 21:11:01.793" level="INFO">Typing password into text field 'name:confirmar_input'.</msg>
<msg timestamp="20231009 21:11:01.826" level="INFO">Temporally setting log level to: NONE</msg>
<msg timestamp="20231009 21:11:01.872" level="INFO">Log level changed from NONE to INFO.</msg>
<status status="PASS" starttime="20231009 21:11:01.793" endtime="20231009 21:11:01.872"/>
</kw>
<kw name="Sleep" library="BuiltIn">
<arg>1s</arg>
<doc>Pauses the test executed for the given time.</doc>
<msg timestamp="20231009 21:11:02.873" level="INFO">Slept 1 second</msg>
<status status="PASS" starttime="20231009 21:11:01.872" endtime="20231009 21:11:02.873"/>
</kw>
<status status="PASS" starttime="20231009 21:10:56.242" endtime="20231009 21:11:02.873"/>
</kw>
<kw name="Clicar em Registrar" library="index">
<kw name="Click Element" library="SeleniumLibrary">
<arg>${submit}</arg>
<doc>Click the element identified by ``locator``.</doc>
<msg timestamp="20231009 21:11:02.874" level="INFO">Clicking element 'id:botao_submit'.</msg>
<status status="PASS" starttime="20231009 21:11:02.873" endtime="20231009 21:11:02.943"/>
</kw>
<kw name="Sleep" library="BuiltIn">
<arg>8s</arg>
<doc>Pauses the test executed for the given time.</doc>
<msg timestamp="20231009 21:11:10.944" level="INFO">Slept 8 seconds</msg>
<status status="PASS" starttime="20231009 21:11:02.943" endtime="20231009 21:11:10.944"/>
</kw>
<status status="PASS" starttime="20231009 21:11:02.873" endtime="20231009 21:11:10.944"/>
</kw>
<kw name="Verificar notificação de email cadastrado" library="index">
<kw name="Page Should Contain" library="SeleniumLibrary">
<arg>Email já cadastrado... Por favor tente novamente!</arg>
<doc>Verifies that current page contains ``text``.</doc>
<msg timestamp="20231009 21:11:10.963" level="INFO">Current page contains text 'Email já cadastrado... Por favor tente novamente!'.</msg>
<status status="PASS" starttime="20231009 21:11:10.945" endtime="20231009 21:11:10.963"/>
</kw>
<status status="PASS" starttime="20231009 21:11:10.945" endtime="20231009 21:11:10.963"/>
</kw>
<kw name="Fechar navegador" library="index">
<kw name="Close Browser" library="SeleniumLibrary">
<doc>Closes the current browser.</doc>
<status status="PASS" starttime="20231009 21:11:10.964" endtime="20231009 21:11:13.519"/>
</kw>
<status status="PASS" starttime="20231009 21:11:10.963" endtime="20231009 21:11:13.519"/>
</kw>
<status status="PASS" starttime="20231009 21:10:54.103" endtime="20231009 21:11:13.519"/>
</test>
<test id="s1-t4" name="CT04 - Efetuar login do usuário com o campo email vazio" line="25">
<kw name="Abrir a página de login" library="index">
<kw name="Open Browser" library="SeleniumLibrary">
<arg>${URL-login}</arg>
<arg>${Browser}</arg>
<doc>Opens a new browser instance to the optional ``url``.</doc>
<msg timestamp="20231009 21:11:13.521" level="INFO">Opening browser 'chrome' to base url 'http://localhost/Got-an-Idea/login/login.php'.</msg>
<status status="PASS" starttime="20231009 21:11:13.521" endtime="20231009 21:11:15.315"/>
</kw>
<kw name="Maximize Browser Window" library="SeleniumLibrary">
<doc>Maximizes current browser window.</doc>
<status status="PASS" starttime="20231009 21:11:15.315" endtime="20231009 21:11:15.438"/>
</kw>
<status status="PASS" starttime="20231009 21:11:13.520" endtime="20231009 21:11:15.438"/>
</kw>
<kw name="Preencher o campo senha" library="index">
<kw name="Input Text" library="SeleniumLibrary">
<arg>${input_senha_login}</arg>
<arg>D@123456</arg>
<doc>Types the given ``text`` into the text field identified by ``locator``.</doc>
<msg timestamp="20231009 21:11:15.439" level="INFO">Typing text 'D@123456' into text field 'id:password'.</msg>
<status status="PASS" starttime="20231009 21:11:15.439" endtime="20231009 21:11:15.604"/>
</kw>
<kw name="Sleep" library="BuiltIn">
<arg>3s</arg>
<doc>Pauses the test executed for the given time.</doc>
<msg timestamp="20231009 21:11:18.605" level="INFO">Slept 3 seconds</msg>
<status status="PASS" starttime="20231009 21:11:15.604" endtime="20231009 21:11:18.605"/>
</kw>
<status status="PASS" starttime="20231009 21:11:15.438" endtime="20231009 21:11:18.605"/>
</kw>
<kw name="Clicar em Entrar" library="index">
<kw name="Click Element" library="SeleniumLibrary">
<arg>${button_join}</arg>
<doc>Click the element identified by ``locator``.</doc>
<msg timestamp="20231009 21:11:18.606" level="INFO">Clicking element 'xpath:/html/body/main/div/div/div[2]/div/form/button'.</msg>
<status status="PASS" starttime="20231009 21:11:18.606" endtime="20231009 21:11:18.667"/>
</kw>
<kw name="Sleep" library="BuiltIn">
<arg>8s</arg>
<doc>Pauses the test executed for the given time.</doc>
<msg timestamp="20231009 21:11:26.668" level="INFO">Slept 8 seconds</msg>
<status status="PASS" starttime="20231009 21:11:18.667" endtime="20231009 21:11:26.668"/>
</kw>
<status status="PASS" starttime="20231009 21:11:18.605" endtime="20231009 21:11:26.668"/>
</kw>
<kw name="Verificar email não preenchido" library="index">
<kw name="Wait Until Page Does Not Contain" library="SeleniumLibrary">
<arg>Você tem uma ideia?</arg>
<doc>Waits until ``text`` disappears from the current page.</doc>
<status status="PASS" starttime="20231009 21:11:26.668" endtime="20231009 21:11:26.682"/>
</kw>
<status status="PASS" starttime="20231009 21:11:26.668" endtime="20231009 21:11:26.682"/>
</kw>
<kw name="Fechar navegador" library="index">
<kw name="Close Browser" library="SeleniumLibrary">
<doc>Closes the current browser.</doc>
<status status="PASS" starttime="20231009 21:11:26.683" endtime="20231009 21:11:28.997"/>
</kw>
<status status="PASS" starttime="20231009 21:11:26.683" endtime="20231009 21:11:28.997"/>
</kw>
<status status="PASS" starttime="20231009 21:11:13.520" endtime="20231009 21:11:28.997"/>
</test>
<test id="s1-t5" name="CT05 - Efetuar do usuário com o campo senha inválido" line="32">
<kw name="Abrir a página de login" library="index">
<kw name="Open Browser" library="SeleniumLibrary">
<arg>${URL-login}</arg>
<arg>${Browser}</arg>
<doc>Opens a new browser instance to the optional ``url``.</doc>
<msg timestamp="20231009 21:11:28.999" level="INFO">Opening browser 'chrome' to base url 'http://localhost/Got-an-Idea/login/login.php'.</msg>
<status status="PASS" starttime="20231009 21:11:28.999" endtime="20231009 21:11:31.003"/>
</kw>
<kw name="Maximize Browser Window" library="SeleniumLibrary">
<doc>Maximizes current browser window.</doc>
<status status="PASS" starttime="20231009 21:11:31.003" endtime="20231009 21:11:31.124"/>
</kw>
<status status="PASS" starttime="20231009 21:11:28.999" endtime="20231009 21:11:31.124"/>
</kw>
<kw name="Preencher o campo email" library="index">
<kw name="Input Text" library="SeleniumLibrary">
<arg>${input_email_login}</arg>
<arg>anadepaula@email.com</arg>
<doc>Types the given ``text`` into the text field identified by ``locator``.</doc>
<msg timestamp="20231009 21:11:31.126" level="INFO">Typing text 'anadepaula@email.com' into text field 'id:email'.</msg>
<status status="PASS" starttime="20231009 21:11:31.126" endtime="20231009 21:11:31.292"/>
</kw>
<kw name="Sleep" library="BuiltIn">
<arg>2s</arg>
<doc>Pauses the test executed for the given time.</doc>
<msg timestamp="20231009 21:11:33.292" level="INFO">Slept 2 seconds</msg>
<status status="PASS" starttime="20231009 21:11:31.292" endtime="20231009 21:11:33.292"/>
</kw>
<status status="PASS" starttime="20231009 21:11:31.124" endtime="20231009 21:11:33.292"/>
</kw>
<kw name="Preencher o campo senha com a credencial errada" library="index">
<kw name="Input Text" library="SeleniumLibrary">
<arg>${input_senha_login}</arg>
<arg>123456</arg>
<doc>Types the given ``text`` into the text field identified by ``locator``.</doc>
<msg timestamp="20231009 21:11:33.293" level="INFO">Typing text '123456' into text field 'id:password'.</msg>
<status status="PASS" starttime="20231009 21:11:33.292" endtime="20231009 21:11:33.366"/>
</kw>
<kw name="Sleep" library="BuiltIn">
<arg>3s</arg>
<doc>Pauses the test executed for the given time.</doc>
<msg timestamp="20231009 21:11:36.367" level="INFO">Slept 3 seconds</msg>
<status status="PASS" starttime="20231009 21:11:33.366" endtime="20231009 21:11:36.367"/>
</kw>
<status status="PASS" starttime="20231009 21:11:33.292" endtime="20231009 21:11:36.367"/>
</kw>
<kw name="Clicar em Entrar" library="index">
<kw name="Click Element" library="SeleniumLibrary">
<arg>${button_join}</arg>
<doc>Click the element identified by ``locator``.</doc>
<msg timestamp="20231009 21:11:36.368" level="INFO">Clicking element 'xpath:/html/body/main/div/div/div[2]/div/form/button'.</msg>
<status status="PASS" starttime="20231009 21:11:36.367" endtime="20231009 21:11:36.429"/>
</kw>
<kw name="Sleep" library="BuiltIn">
<arg>8s</arg>
<doc>Pauses the test executed for the given time.</doc>
<msg timestamp="20231009 21:11:44.429" level="INFO">Slept 8 seconds</msg>
<status status="PASS" starttime="20231009 21:11:36.429" endtime="20231009 21:11:44.429"/>
</kw>
<status status="PASS" starttime="20231009 21:11:36.367" endtime="20231009 21:11:44.429"/>
</kw>
<kw name="Verificar mensagem de senha incorreta" library="index">
<kw name="Page Should Contain" library="SeleniumLibrary">
<arg>Email ou senha incorretos... Por favor tente novamente</arg>
<doc>Verifies that current page contains ``text``.</doc>
<msg timestamp="20231009 21:11:44.447" level="INFO">Current page contains text 'Email ou senha incorretos... Por favor tente novamente'.</msg>
<status status="PASS" starttime="20231009 21:11:44.430" endtime="20231009 21:11:44.447"/>
</kw>
<status status="PASS" starttime="20231009 21:11:44.429" endtime="20231009 21:11:44.447"/>
</kw>
<kw name="Fechar navegador" library="index">
<kw name="Close Browser" library="SeleniumLibrary">
<doc>Closes the current browser.</doc>
<status status="PASS" starttime="20231009 21:11:44.448" endtime="20231009 21:11:46.764"/>
</kw>
<status status="PASS" starttime="20231009 21:11:44.447" endtime="20231009 21:11:46.764"/>
</kw>
<status status="PASS" starttime="20231009 21:11:28.998" endtime="20231009 21:11:46.764"/>
</test>
<test id="s1-t6" name="CT06 - Cadastro de usuário com um apelido já cadastrado" line="40">
<kw name="Abrir a página de cadastro de usuário" library="index">
<kw name="Open Browser" library="SeleniumLibrary">
<arg>${URL-register}</arg>
<arg>${Browser}</arg>
<doc>Opens a new browser instance to the optional ``url``.</doc>
<msg timestamp="20231009 21:11:46.766" level="INFO">Opening browser 'chrome' to base url 'http://localhost/Got-an-Idea/register/registro.php'.</msg>
<status status="PASS" starttime="20231009 21:11:46.765" endtime="20231009 21:11:48.653"/>
</kw>
<kw name="Maximize Browser Window" library="SeleniumLibrary">
<doc>Maximizes current browser window.</doc>
<status status="PASS" starttime="20231009 21:11:48.653" endtime="20231009 21:11:48.774"/>
</kw>
<status status="PASS" starttime="20231009 21:11:46.765" endtime="20231009 21:11:48.774"/>
</kw>
<kw name="Cadastro de usuário com um apelido já cadastrado" library="index">
<kw name="Input Text" library="SeleniumLibrary">
<arg>${input_nome}</arg>
<arg>Teste</arg>
<doc>Types the given ``text`` into the text field identified by ``locator``.</doc>
<msg timestamp="20231009 21:11:48.775" level="INFO">Typing text 'Teste' into text field 'name:nome_input'.</msg>
<status status="PASS" starttime="20231009 21:11:48.775" endtime="20231009 21:11:48.982"/>
</kw>
<kw name="Sleep" library="BuiltIn">
<arg>1s</arg>
<doc>Pauses the test executed for the given time.</doc>
<msg timestamp="20231009 21:11:49.983" level="INFO">Slept 1 second</msg>
<status status="PASS" starttime="20231009 21:11:48.982" endtime="20231009 21:11:49.983"/>
</kw>
<kw name="Input Text" library="SeleniumLibrary">
<arg>${input_sobrenome}</arg>
<arg>Apelido</arg>
<doc>Types the given ``text`` into the text field identified by ``locator``.</doc>
<msg timestamp="20231009 21:11:49.984" level="INFO">Typing text 'Apelido' into text field 'name:sobrenome_input'.</msg>
<status status="PASS" starttime="20231009 21:11:49.983" endtime="20231009 21:11:50.070"/>
</kw>
<kw name="Sleep" library="BuiltIn">
<arg>1s</arg>
<doc>Pauses the test executed for the given time.</doc>
<msg timestamp="20231009 21:11:51.070" level="INFO">Slept 1 second</msg>
<status status="PASS" starttime="20231009 21:11:50.070" endtime="20231009 21:11:51.070"/>
</kw>
<kw name="Input Text" library="SeleniumLibrary">
<arg>${input_email}</arg>
<arg>testeemail@email.com</arg>
<doc>Types the given ``text`` into the text field identified by ``locator``.</doc>
<msg timestamp="20231009 21:11:51.070" level="INFO">Typing text 'testeemail@email.com' into text field 'name:email_input'.</msg>
<status status="PASS" starttime="20231009 21:11:51.070" endtime="20231009 21:11:51.180"/>
</kw>
<kw name="Sleep" library="BuiltIn">
<arg>1s</arg>
<doc>Pauses the test executed for the given time.</doc>
<msg timestamp="20231009 21:11:52.181" level="INFO">Slept 1 second</msg>
<status status="PASS" starttime="20231009 21:11:51.180" endtime="20231009 21:11:52.181"/>
</kw>
<kw name="Input Text" library="SeleniumLibrary">
<arg>${input_apelido}</arg>
<arg>anadepaula</arg>
<doc>Types the given ``text`` into the text field identified by ``locator``.</doc>
<msg timestamp="20231009 21:11:52.182" level="INFO">Typing text 'anadepaula' into text field 'name:apelido_input'.</msg>
<status status="PASS" starttime="20231009 21:11:52.181" endtime="20231009 21:11:52.263"/>
</kw>
<kw name="Sleep" library="BuiltIn">
<arg>1s</arg>
<doc>Pauses the test executed for the given time.</doc>
<msg timestamp="20231009 21:11:53.263" level="INFO">Slept 1 second</msg>
<status status="PASS" starttime="20231009 21:11:52.263" endtime="20231009 21:11:53.263"/>
</kw>
<kw name="Input Password" library="SeleniumLibrary">
<arg>${input_senha}</arg>
<arg>D@123456</arg>
<doc>Types the given password into the text field identified by ``locator``.</doc>
<msg timestamp="20231009 21:11:53.264" level="INFO">Typing password into text field 'name:senha_input'.</msg>
<msg timestamp="20231009 21:11:53.296" level="INFO">Temporally setting log level to: NONE</msg>
<msg timestamp="20231009 21:11:53.341" level="INFO">Log level changed from NONE to INFO.</msg>
<status status="PASS" starttime="20231009 21:11:53.263" endtime="20231009 21:11:53.341"/>
</kw>
<kw name="Sleep" library="BuiltIn">
<arg>1s</arg>
<doc>Pauses the test executed for the given time.</doc>
<msg timestamp="20231009 21:11:54.341" level="INFO">Slept 1 second</msg>
<status status="PASS" starttime="20231009 21:11:53.341" endtime="20231009 21:11:54.341"/>
</kw>
<kw name="Input Password" library="SeleniumLibrary">
<arg>${input_confirmar}</arg>
<arg>D@123456</arg>
<doc>Types the given password into the text field identified by ``locator``.</doc>
<msg timestamp="20231009 21:11:54.341" level="INFO">Typing password into text field 'name:confirmar_input'.</msg>
<msg timestamp="20231009 21:11:54.373" level="INFO">Temporally setting log level to: NONE</msg>
<msg timestamp="20231009 21:11:54.422" level="INFO">Log level changed from NONE to INFO.</msg>
<status status="PASS" starttime="20231009 21:11:54.341" endtime="20231009 21:11:54.422"/>
</kw>
<kw name="Sleep" library="BuiltIn">
<arg>1s</arg>
<doc>Pauses the test executed for the given time.</doc>
<msg timestamp="20231009 21:11:55.423" level="INFO">Slept 1 second</msg>
<status status="PASS" starttime="20231009 21:11:54.423" endtime="20231009 21:11:55.423"/>
</kw>
<status status="PASS" starttime="20231009 21:11:48.774" endtime="20231009 21:11:55.423"/>
</kw>
<kw name="Clicar em Registrar" library="index">
<kw name="Click Element" library="SeleniumLibrary">
<arg>${submit}</arg>
<doc>Click the element identified by ``locator``.</doc>
<msg timestamp="20231009 21:11:55.424" level="INFO">Clicking element 'id:botao_submit'.</msg>
<status status="PASS" starttime="20231009 21:11:55.423" endtime="20231009 21:11:55.495"/>
</kw>
<kw name="Sleep" library="BuiltIn">
<arg>8s</arg>
<doc>Pauses the test executed for the given time.</doc>
<msg timestamp="20231009 21:12:03.497" level="INFO">Slept 8 seconds</msg>
<status status="PASS" starttime="20231009 21:11:55.496" endtime="20231009 21:12:03.497"/>
</kw>
<status status="PASS" starttime="20231009 21:11:55.423" endtime="20231009 21:12:03.497"/>
</kw>
<kw name="Verificar notificação de apelido cadastrado" library="index">
<kw name="Page Should Contain" library="SeleniumLibrary">
<arg>Apelido já utilizado... Por favor tente novamente!</arg>
<doc>Verifies that current page contains ``text``.</doc>
<msg timestamp="20231009 21:12:03.515" level="INFO">Current page contains text 'Apelido já utilizado... Por favor tente novamente!'.</msg>
<status status="PASS" starttime="20231009 21:12:03.498" endtime="20231009 21:12:03.515"/>
</kw>
<status status="PASS" starttime="20231009 21:12:03.497" endtime="20231009 21:12:03.515"/>
</kw>
<kw name="Fechar navegador" library="index">
<kw name="Close Browser" library="SeleniumLibrary">
<doc>Closes the current browser.</doc>
<status status="PASS" starttime="20231009 21:12:03.520" endtime="20231009 21:12:05.839"/>
</kw>
<status status="PASS" starttime="20231009 21:12:03.516" endtime="20231009 21:12:05.839"/>
</kw>
<status status="PASS" starttime="20231009 21:11:46.765" endtime="20231009 21:12:05.839"/>
</test>
<test id="s1-t7" name="CT07 - Cadastro de usuário com todos os campos vazios" line="47">
<kw name="Abrir a página de cadastro de usuário" library="index">
<kw name="Open Browser" library="SeleniumLibrary">
<arg>${URL-register}</arg>
<arg>${Browser}</arg>
<doc>Opens a new browser instance to the optional ``url``.</doc>
<msg timestamp="20231009 21:12:05.841" level="INFO">Opening browser 'chrome' to base url 'http://localhost/Got-an-Idea/register/registro.php'.</msg>
<status status="PASS" starttime="20231009 21:12:05.841" endtime="20231009 21:12:07.647"/>
</kw>
<kw name="Maximize Browser Window" library="SeleniumLibrary">
<doc>Maximizes current browser window.</doc>
<status status="PASS" starttime="20231009 21:12:07.647" endtime="20231009 21:12:07.778"/>
</kw>
<status status="PASS" starttime="20231009 21:12:05.840" endtime="20231009 21:12:07.778"/>
</kw>
<kw name="Clicar em Registrar" library="index">
<kw name="Click Element" library="SeleniumLibrary">
<arg>${submit}</arg>
<doc>Click the element identified by ``locator``.</doc>
<msg timestamp="20231009 21:12:07.780" level="INFO">Clicking element 'id:botao_submit'.</msg>
<status status="PASS" starttime="20231009 21:12:07.779" endtime="20231009 21:12:07.892"/>
</kw>
<kw name="Sleep" library="BuiltIn">
<arg>8s</arg>
<doc>Pauses the test executed for the given time.</doc>
<msg timestamp="20231009 21:12:15.892" level="INFO">Slept 8 seconds</msg>
<status status="PASS" starttime="20231009 21:12:07.892" endtime="20231009 21:12:15.892"/>
</kw>
<status status="PASS" starttime="20231009 21:12:07.779" endtime="20231009 21:12:15.892"/>
</kw>
<kw name="Verificar campos vazios" library="index">
<kw name="Page Should Contain" library="SeleniumLibrary">
<arg>Um dos campos está vazio... Por favor preencha-o!</arg>
<doc>Verifies that current page contains ``text``.</doc>
<msg timestamp="20231009 21:12:15.906" level="INFO">Current page contains text 'Um dos campos está vazio... Por favor preencha-o!'.</msg>
<status status="PASS" starttime="20231009 21:12:15.892" endtime="20231009 21:12:15.906"/>
</kw>
<status status="PASS" starttime="20231009 21:12:15.892" endtime="20231009 21:12:15.906"/>
</kw>
<kw name="Fechar navegador" library="index">
<kw name="Close Browser" library="SeleniumLibrary">
<doc>Closes the current browser.</doc>
<status status="PASS" starttime="20231009 21:12:15.906" endtime="20231009 21:12:18.224"/>
</kw>
<status status="PASS" starttime="20231009 21:12:15.906" endtime="20231009 21:12:18.224"/>
</kw>
<status status="PASS" starttime="20231009 21:12:05.840" endtime="20231009 21:12:18.224"/>
</test>
<test id="s1-t8" name="CT19 - Fazer o cadastro com o campo &quot;Nome&quot; com um número no final" line="53">
<kw name="Abrir a página de cadastro de usuário" library="index">
<kw name="Open Browser" library="SeleniumLibrary">
<arg>${URL-register}</arg>
<arg>${Browser}</arg>
<doc>Opens a new browser instance to the optional ``url``.</doc>
<msg timestamp="20231009 21:12:18.226" level="INFO">Opening browser 'chrome' to base url 'http://localhost/Got-an-Idea/register/registro.php'.</msg>
<status status="PASS" starttime="20231009 21:12:18.226" endtime="20231009 21:12:20.103"/>
</kw>
<kw name="Maximize Browser Window" library="SeleniumLibrary">
<doc>Maximizes current browser window.</doc>
<status status="PASS" starttime="20231009 21:12:20.103" endtime="20231009 21:12:20.228"/>
</kw>
<status status="PASS" starttime="20231009 21:12:18.225" endtime="20231009 21:12:20.228"/>
</kw>
<kw name="Cadastro de usuário com nome possuindo número" library="index">
<kw name="Input Text" library="SeleniumLibrary">
<arg>${input_nome}</arg>
<arg>Ana2</arg>
<doc>Types the given ``text`` into the text field identified by ``locator``.</doc>
<msg timestamp="20231009 21:12:20.230" level="INFO">Typing text 'Ana2' into text field 'name:nome_input'.</msg>
<status status="PASS" starttime="20231009 21:12:20.229" endtime="20231009 21:12:20.386"/>
</kw>
<kw name="Sleep" library="BuiltIn">
<arg>1s</arg>
<doc>Pauses the test executed for the given time.</doc>
<msg timestamp="20231009 21:12:21.386" level="INFO">Slept 1 second</msg>
<status status="PASS" starttime="20231009 21:12:20.386" endtime="20231009 21:12:21.386"/>
</kw>
<kw name="Input Text" library="SeleniumLibrary">
<arg>${input_sobrenome}</arg>
<arg>Fernandes</arg>
<doc>Types the given ``text`` into the text field identified by ``locator``.</doc>
<msg timestamp="20231009 21:12:21.386" level="INFO">Typing text 'Fernandes' into text field 'name:sobrenome_input'.</msg>
<status status="PASS" starttime="20231009 21:12:21.386" endtime="20231009 21:12:21.476"/>
</kw>
<kw name="Sleep" library="BuiltIn">
<arg>1s</arg>
<doc>Pauses the test executed for the given time.</doc>
<msg timestamp="20231009 21:12:22.476" level="INFO">Slept 1 second</msg>
<status status="PASS" starttime="20231009 21:12:21.476" endtime="20231009 21:12:22.476"/>
</kw>
<kw name="Input Text" library="SeleniumLibrary">
<arg>${input_email}</arg>
<arg>testenum@email.com</arg>
<doc>Types the given ``text`` into the text field identified by ``locator``.</doc>
<msg timestamp="20231009 21:12:22.477" level="INFO">Typing text 'testenum@email.com' into text field 'name:email_input'.</msg>
<status status="PASS" starttime="20231009 21:12:22.476" endtime="20231009 21:12:22.567"/>
</kw>
<kw name="Sleep" library="BuiltIn">
<arg>1s</arg>
<doc>Pauses the test executed for the given time.</doc>
<msg timestamp="20231009 21:12:23.569" level="INFO">Slept 1 second</msg>
<status status="PASS" starttime="20231009 21:12:22.567" endtime="20231009 21:12:23.569"/>
</kw>
<kw name="Input Text" library="SeleniumLibrary">
<arg>${input_apelido}</arg>
<arg>testenum</arg>
<doc>Types the given ``text`` into the text field identified by ``locator``.</doc>
<msg timestamp="20231009 21:12:23.570" level="INFO">Typing text 'testenum' into text field 'name:apelido_input'.</msg>
<status status="PASS" starttime="20231009 21:12:23.569" endtime="20231009 21:12:23.659"/>
</kw>
<kw name="Sleep" library="BuiltIn">
<arg>1s</arg>
<doc>Pauses the test executed for the given time.</doc>
<msg timestamp="20231009 21:12:24.660" level="INFO">Slept 1 second</msg>
<status status="PASS" starttime="20231009 21:12:23.659" endtime="20231009 21:12:24.660"/>
</kw>
<kw name="Input Password" library="SeleniumLibrary">
<arg>${input_senha}</arg>
<arg>D@123456</arg>
<doc>Types the given password into the text field identified by ``locator``.</doc>
<msg timestamp="20231009 21:12:24.660" level="INFO">Typing password into text field 'name:senha_input'.</msg>
<msg timestamp="20231009 21:12:24.692" level="INFO">Temporally setting log level to: NONE</msg>
<msg timestamp="20231009 21:12:24.738" level="INFO">Log level changed from NONE to INFO.</msg>
<status status="PASS" starttime="20231009 21:12:24.660" endtime="20231009 21:12:24.738"/>
</kw>
<kw name="Sleep" library="BuiltIn">
<arg>1s</arg>
<doc>Pauses the test executed for the given time.</doc>
<msg timestamp="20231009 21:12:25.739" level="INFO">Slept 1 second</msg>
<status status="PASS" starttime="20231009 21:12:24.738" endtime="20231009 21:12:25.739"/>
</kw>
<kw name="Input Password" library="SeleniumLibrary">
<arg>${input_confirmar}</arg>
<arg>D@123456</arg>
<doc>Types the given password into the text field identified by ``locator``.</doc>
<msg timestamp="20231009 21:12:25.740" level="INFO">Typing password into text field 'name:confirmar_input'.</msg>
<msg timestamp="20231009 21:12:25.770" level="INFO">Temporally setting log level to: NONE</msg>
<msg timestamp="20231009 21:12:25.817" level="INFO">Log level changed from NONE to INFO.</msg>
<status status="PASS" starttime="20231009 21:12:25.739" endtime="20231009 21:12:25.817"/>
</kw>
<kw name="Sleep" library="BuiltIn">
<arg>1s</arg>
<doc>Pauses the test executed for the given time.</doc>
<msg timestamp="20231009 21:12:26.819" level="INFO">Slept 1 second</msg>
<status status="PASS" starttime="20231009 21:12:25.817" endtime="20231009 21:12:26.819"/>
</kw>
<status status="PASS" starttime="20231009 21:12:20.229" endtime="20231009 21:12:26.819"/>
</kw>
<kw name="Clicar em Registrar" library="index">
<kw name="Click Element" library="SeleniumLibrary">
<arg>${submit}</arg>
<doc>Click the element identified by ``locator``.</doc>
<msg timestamp="20231009 21:12:26.820" level="INFO">Clicking element 'id:botao_submit'.</msg>
<status status="PASS" starttime="20231009 21:12:26.819" endtime="20231009 21:12:26.866"/>
</kw>
<kw name="Sleep" library="BuiltIn">
<arg>8s</arg>
<doc>Pauses the test executed for the given time.</doc>
<msg timestamp="20231009 21:12:34.867" level="INFO">Slept 8 seconds</msg>
<status status="PASS" starttime="20231009 21:12:26.866" endtime="20231009 21:12:34.867"/>
</kw>
<status status="PASS" starttime="20231009 21:12:26.819" endtime="20231009 21:12:34.867"/>
</kw>
<kw name="Verificar mensagem de número não permitido" library="index">
<kw name="Wait Until Element Is Visible" library="SeleniumLibrary">
<arg>${notificacao_div}</arg>
<doc>Waits until the element ``locator`` is visible.</doc>
<status status="PASS" starttime="20231009 21:12:34.867" endtime="20231009 21:12:34.895"/>
</kw>
<kw name="Page Should Contain" library="SeleniumLibrary">
<arg>Nome: entre 2&amp;25 caracteres e começar com maiúscula</arg>
<doc>Verifies that current page contains ``text``.</doc>
<msg timestamp="20231009 21:12:34.911" level="INFO">Current page contains text 'Nome: entre 2&amp;25 caracteres e começar com maiúscula'.</msg>
<status status="PASS" starttime="20231009 21:12:34.895" endtime="20231009 21:12:34.911"/>
</kw>
<status status="PASS" starttime="20231009 21:12:34.867" endtime="20231009 21:12:34.911"/>
</kw>
<kw name="Fechar navegador" library="index">
<kw name="Close Browser" library="SeleniumLibrary">
<doc>Closes the current browser.</doc>
<status status="PASS" starttime="20231009 21:12:34.912" endtime="20231009 21:12:37.265"/>
</kw>
<status status="PASS" starttime="20231009 21:12:34.912" endtime="20231009 21:12:37.265"/>
</kw>
<status status="PASS" starttime="20231009 21:12:18.225" endtime="20231009 21:12:37.265"/>
</test>
<status status="PASS" starttime="20231009 21:10:16.371" endtime="20231009 21:12:37.266"/>
</suite>
<statistics>
<total>
<stat pass="8" fail="0" skip="0">All Tests</stat>
</total>
<tag>
</tag>
<suite>
<stat pass="8" fail="0" skip="0" id="s1" name="Testcases">Testcases</stat>
</suite>
</statistics>
<errors>
</errors>
</robot>
