<?xml version="1.0" encoding="UTF-8"?>
<robot generator="Robot 6.1.1 (Python 3.12.0 on win32)" generated="20231006 08:01:35.232" rpa="false" schemaversion="4">
<suite id="s1" name="Form" source="C:\Users\diogo\OneDrive\Documentos\GitHub\WEB-Project\Projetos\robot-framework\aula03\form.robot">
<test id="s1-t1" name="Cenário 2: Abrir site da amazon" line="43">
<kw name="Abrir amazon">
<kw name="Open Browser" library="SeleniumLibrary">
<arg>https://www.amazon.com.br/</arg>
<arg>chrome</arg>
<doc>Opens a new browser instance to the optional ``url``.</doc>
<msg timestamp="20231006 08:01:35.701" level="INFO">Opening browser 'chrome' to base url 'https://www.amazon.com.br/'.</msg>
<status status="PASS" starttime="20231006 08:01:35.701" endtime="20231006 08:01:40.895"/>
</kw>
<status status="PASS" starttime="20231006 08:01:35.700" endtime="20231006 08:01:40.895"/>
</kw>
<kw name="Pesquisa">
<kw name="Input Text" library="SeleniumLibrary">
<arg>${input_pesquisa}</arg>
<arg>Monitor Gamer</arg>
<doc>Types the given ``text`` into the text field identified by ``locator``.</doc>
<msg timestamp="20231006 08:01:40.919" level="INFO">Typing text 'Monitor Gamer' into text field 'name:field-keywords'.</msg>
<status status="PASS" starttime="20231006 08:01:40.917" endtime="20231006 08:01:41.615"/>
</kw>
<status status="PASS" starttime="20231006 08:01:40.917" endtime="20231006 08:01:41.616"/>
</kw>
<kw name="Fechar navegador">
<kw name="Close Browser" library="SeleniumLibrary">
<doc>Closes the current browser.</doc>
<status status="PASS" starttime="20231006 08:01:41.618" endtime="20231006 08:01:44.166"/>
</kw>
<status status="PASS" starttime="20231006 08:01:41.618" endtime="20231006 08:01:44.166"/>
</kw>
<tag>regressivo</tag>
<status status="PASS" starttime="20231006 08:01:35.699" endtime="20231006 08:01:44.167"/>
</test>
<status status="PASS" starttime="20231006 08:01:35.234" endtime="20231006 08:01:44.169"/>
</suite>
<statistics>
<total>
<stat pass="1" fail="0" skip="0">All Tests</stat>
</total>
<tag>
<stat pass="1" fail="0" skip="0">regressivo</stat>
</tag>
<suite>
<stat pass="1" fail="0" skip="0" id="s1" name="Form">Form</stat>
</suite>
</statistics>
<errors>
</errors>
</robot>
