<?xml version="1.0" encoding="UTF-8"?>
<robot generator="Robot 6.1.1 (Python 3.12.0 on win32)" generated="20231006 07:53:23.047" rpa="false" schemaversion="4">
<suite id="s1" name="Bdd" source="C:\Users\diogo\OneDrive\Documentos\GitHub\WEB-Project\Projetos\robot-framework\aula05\bdd.robot">
<test id="s1-t1" name="Cenario 1: Executar vídeo no site do youtube" line="40">
<kw name="Dado que eu acesso o site do youtube">
<kw name="Open Browser" library="SeleniumLibrary">
<arg>${URL}</arg>
<arg>${Browser}</arg>
<doc>Opens a new browser instance to the optional ``url``.</doc>
<msg timestamp="20231006 07:53:23.455" level="INFO">Opening browser 'chrome' to base url 'https://www.youtube.com'.</msg>
<status status="PASS" starttime="20231006 07:53:23.455" endtime="20231006 07:53:31.368"/>
</kw>
<status status="PASS" starttime="20231006 07:53:23.454" endtime="20231006 07:53:31.368"/>
</kw>
<kw name="Quando digito o nome da música">
<kw name="Element Should Be Enabled" library="SeleniumLibrary">
<arg>id:search</arg>
<doc>Verifies that element identified by ``locator`` is enabled.</doc>
<status status="PASS" starttime="20231006 07:53:31.370" endtime="20231006 07:53:32.158"/>
</kw>
<kw name="Input Text" library="SeleniumLibrary">
<arg>${Input_Pesquisa}</arg>
<arg>${NomeDaMusica}</arg>
<doc>Types the given ``text`` into the text field identified by ``locator``.</doc>
<msg timestamp="20231006 07:53:32.159" level="INFO">Typing text 'Toto - Africa' into text field 'id:search'.</msg>
<msg timestamp="20231006 07:53:32.770" level="INFO" html="true">&lt;/td&gt;&lt;/tr&gt;&lt;tr&gt;&lt;td colspan="3"&gt;&lt;a href="selenium-screenshot-4.png"&gt;&lt;img src="selenium-screenshot-4.png" width="800px"&gt;&lt;/a&gt;</msg>
<msg timestamp="20231006 07:53:32.770" level="FAIL">InvalidElementStateException: Message: invalid element state
  (Session info: chrome=117.0.5938.149)
Stacktrace:
	GetHandleVerifier [0x00007FF6155F7D12+55474]
	(No symbol) [0x00007FF6155677C2]
	(No symbol) [0x00007FF61541DF9D]
	(No symbol) [0x00007FF61545732A]
	(No symbol) [0x00007FF61547F15A]
	(No symbol) [0x00007FF6154556E6]
	(No symbol) [0x00007FF61547F370]
	(No symbol) [0x00007FF615497EF2]
	(No symbol) [0x00007FF61547EF33]
	(No symbol) [0x00007FF615453D41]
	(No symbol) [0x00007FF615454F84]
	GetHandleVerifier [0x00007FF61595B762+3609346]
	GetHandleVerifier [0x00007FF6159B1A80+3962400]
	GetHandleVerifier [0x00007FF6159A9F0F+3930799]
	GetHandleVerifier [0x00007FF615693CA6+694342]
	(No symbol) [0x00007FF615572218]
	(No symbol) [0x00007FF61556E484]
	(No symbol) [0x00007FF61556E5B2]
	(No symbol) [0x00007FF61555EE13]
	BaseThreadInitThunk [0x00007FFA9CC37614+20]
	RtlUserThreadStart [0x00007FFA9DEE26B1+33]
</msg>
<status status="FAIL" starttime="20231006 07:53:32.158" endtime="20231006 07:53:32.775"/>
</kw>
<status status="FAIL" starttime="20231006 07:53:31.370" endtime="20231006 07:53:32.776"/>
</kw>
<kw name="E clico no botão buscar">
<status status="NOT RUN" starttime="20231006 07:53:32.777" endtime="20231006 07:53:32.777"/>
</kw>
<kw name="E clico na primeira opção da lista">
<status status="NOT RUN" starttime="20231006 07:53:32.778" endtime="20231006 07:53:32.778"/>
</kw>
<kw name="Então o vídeo é executado">
<status status="NOT RUN" starttime="20231006 07:53:32.778" endtime="20231006 07:53:32.778"/>
</kw>
<status status="FAIL" starttime="20231006 07:53:23.454" endtime="20231006 07:53:32.779">InvalidElementStateException: Message: invalid element state
  (Session info: chrome=117.0.5938.149)
Stacktrace:
	GetHandleVerifier [0x00007FF6155F7D12+55474]
	(No symbol) [0x00007FF6155677C2]
	(No symbol) [0x00007FF61541DF9D]
	(No symbol) [0x00007FF61545732A]
	(No symbol) [0x00007FF61547F15A]
	(No symbol) [0x00007FF6154556E6]
	(No symbol) [0x00007FF61547F370]
	(No symbol) [0x00007FF615497EF2]
	(No symbol) [0x00007FF61547EF33]
	(No symbol) [0x00007FF615453D41]
	(No symbol) [0x00007FF615454F84]
	GetHandleVerifier [0x00007FF61595B762+3609346]
	GetHandleVerifier [0x00007FF6159B1A80+3962400]
	GetHandleVerifier [0x00007FF6159A9F0F+3930799]
	GetHandleVerifier [0x00007FF615693CA6+694342]
	(No symbol) [0x00007FF615572218]
	(No symbol) [0x00007FF61556E484]
	(No symbol) [0x00007FF61556E5B2]
	(No symbol) [0x00007FF61555EE13]
	BaseThreadInitThunk [0x00007FFA9CC37614+20]
	RtlUserThreadStart [0x00007FFA9DEE26B1+33]
</status>
</test>
<status status="FAIL" starttime="20231006 07:53:23.049" endtime="20231006 07:53:32.785"/>
</suite>
<statistics>
<total>
<stat pass="0" fail="1" skip="0">All Tests</stat>
</total>
<tag>
</tag>
<suite>
<stat pass="0" fail="1" skip="0" id="s1" name="Bdd">Bdd</stat>
</suite>
</statistics>
<errors>
</errors>
</robot>
